--------------------------------------------------------------------------------
Release 14.7 Trace  (nt64)
Copyright (c) 1995-2013 Xilinx, Inc.  All rights reserved.

C:\Xilinx\14.7\ISE_DS\ISE\bin\nt64\unwrapped\trce.exe -intstyle ise -v 3 -s 2I
-n 3 -fastpaths -xml alu.twx alu.ncd -o alu.twr alu.pcf

Design file:              alu.ncd
Physical constraint file: alu.pcf
Device,package,speed:     xa7a100t,csg324,I,-2I (PRELIMINARY 1.07 2013-10-13)
Report level:             verbose report

Environment Variable      Effect 
--------------------      ------ 
NONE                      No environment variables were set
--------------------------------------------------------------------------------

INFO:Timing:2698 - No timing constraints found, doing default enumeration.
INFO:Timing:3412 - To improve timing, see the Timing Closure User Guide (UG612).
INFO:Timing:2752 - To get complete path coverage, use the unconstrained paths 
   option. All paths that are not constrained will be reported in the 
   unconstrained paths section(s) of the report.
INFO:Timing:3339 - The clock-to-out numbers in this timing report are based on 
   a 50 Ohm transmission line loading model.  For the details of this model, 
   and for more information on accounting for different loading conditions, 
   please see the device datasheet.



Data Sheet report:
-----------------
All values displayed in nanoseconds (ns)

Pad to Pad
---------------+---------------+---------+
Source Pad     |Destination Pad|  Delay  |
---------------+---------------+---------+
A<0>           |C<0>           |    9.524|
A<0>           |C<1>           |   10.356|
A<0>           |C<2>           |   10.553|
A<0>           |C<3>           |   10.295|
A<0>           |C<4>           |   10.552|
A<0>           |C<5>           |   10.360|
A<0>           |C<6>           |   10.455|
A<0>           |C<7>           |   10.242|
A<0>           |C<8>           |   10.378|
A<0>           |C<9>           |   10.958|
A<0>           |C<10>          |   10.599|
A<0>           |C<11>          |   10.748|
A<0>           |C<12>          |   10.292|
A<0>           |C<13>          |   11.109|
A<0>           |C<14>          |   10.811|
A<0>           |C<15>          |   11.018|
A<0>           |C<16>          |   10.432|
A<0>           |C<17>          |   11.292|
A<0>           |C<18>          |   10.354|
A<0>           |C<19>          |   10.373|
A<0>           |C<20>          |   11.277|
A<0>           |C<21>          |   10.775|
A<0>           |C<22>          |   10.712|
A<0>           |C<23>          |   11.574|
A<0>           |C<24>          |   11.611|
A<0>           |C<25>          |   11.394|
A<0>           |C<26>          |   11.183|
A<0>           |C<27>          |   11.006|
A<0>           |C<28>          |   11.044|
A<0>           |C<29>          |   11.569|
A<0>           |C<30>          |   10.895|
A<0>           |C<31>          |   11.000|
A<1>           |C<0>           |   10.476|
A<1>           |C<1>           |   10.036|
A<1>           |C<2>           |   10.415|
A<1>           |C<3>           |   10.158|
A<1>           |C<4>           |   10.407|
A<1>           |C<5>           |   10.215|
A<1>           |C<6>           |   10.310|
A<1>           |C<7>           |   10.097|
A<1>           |C<8>           |   10.233|
A<1>           |C<9>           |   10.813|
A<1>           |C<10>          |   10.454|
A<1>           |C<11>          |   10.603|
A<1>           |C<12>          |   10.147|
A<1>           |C<13>          |   10.964|
A<1>           |C<14>          |   10.666|
A<1>           |C<15>          |   10.873|
A<1>           |C<16>          |   10.287|
A<1>           |C<17>          |   11.147|
A<1>           |C<18>          |   10.209|
A<1>           |C<19>          |   10.228|
A<1>           |C<20>          |   11.132|
A<1>           |C<21>          |   10.630|
A<1>           |C<22>          |   10.567|
A<1>           |C<23>          |   11.429|
A<1>           |C<24>          |   11.466|
A<1>           |C<25>          |   11.249|
A<1>           |C<26>          |   11.038|
A<1>           |C<27>          |   10.861|
A<1>           |C<28>          |   10.899|
A<1>           |C<29>          |   11.424|
A<1>           |C<30>          |   10.750|
A<1>           |C<31>          |   10.855|
A<2>           |C<0>           |    9.321|
A<2>           |C<1>           |    9.671|
A<2>           |C<2>           |   10.056|
A<2>           |C<3>           |    9.919|
A<2>           |C<4>           |   10.223|
A<2>           |C<5>           |   10.031|
A<2>           |C<6>           |   10.126|
A<2>           |C<7>           |    9.913|
A<2>           |C<8>           |   10.049|
A<2>           |C<9>           |   10.629|
A<2>           |C<10>          |   10.270|
A<2>           |C<11>          |   10.419|
A<2>           |C<12>          |    9.963|
A<2>           |C<13>          |   10.780|
A<2>           |C<14>          |   10.482|
A<2>           |C<15>          |   10.689|
A<2>           |C<16>          |   10.103|
A<2>           |C<17>          |   10.963|
A<2>           |C<18>          |   10.025|
A<2>           |C<19>          |   10.044|
A<2>           |C<20>          |   10.948|
A<2>           |C<21>          |   10.446|
A<2>           |C<22>          |   10.383|
A<2>           |C<23>          |   11.245|
A<2>           |C<24>          |   11.282|
A<2>           |C<25>          |   11.065|
A<2>           |C<26>          |   10.854|
A<2>           |C<27>          |   10.677|
A<2>           |C<28>          |   10.715|
A<2>           |C<29>          |   11.240|
A<2>           |C<30>          |   10.566|
A<2>           |C<31>          |   10.671|
A<3>           |C<0>           |    9.730|
A<3>           |C<1>           |    9.185|
A<3>           |C<2>           |    9.520|
A<3>           |C<3>           |    9.758|
A<3>           |C<4>           |   10.200|
A<3>           |C<5>           |   10.008|
A<3>           |C<6>           |   10.103|
A<3>           |C<7>           |    9.890|
A<3>           |C<8>           |   10.026|
A<3>           |C<9>           |   10.606|
A<3>           |C<10>          |   10.247|
A<3>           |C<11>          |   10.396|
A<3>           |C<12>          |    9.940|
A<3>           |C<13>          |   10.757|
A<3>           |C<14>          |   10.459|
A<3>           |C<15>          |   10.666|
A<3>           |C<16>          |   10.080|
A<3>           |C<17>          |   10.940|
A<3>           |C<18>          |   10.002|
A<3>           |C<19>          |   10.021|
A<3>           |C<20>          |   10.925|
A<3>           |C<21>          |   10.423|
A<3>           |C<22>          |   10.360|
A<3>           |C<23>          |   11.222|
A<3>           |C<24>          |   11.259|
A<3>           |C<25>          |   11.042|
A<3>           |C<26>          |   10.831|
A<3>           |C<27>          |   10.654|
A<3>           |C<28>          |   10.692|
A<3>           |C<29>          |   11.217|
A<3>           |C<30>          |   10.543|
A<3>           |C<31>          |   10.648|
A<4>           |C<0>           |   10.288|
A<4>           |C<1>           |    9.913|
A<4>           |C<2>           |   10.127|
A<4>           |C<3>           |   10.150|
A<4>           |C<4>           |    9.975|
A<4>           |C<5>           |    9.473|
A<4>           |C<6>           |    9.733|
A<4>           |C<7>           |    9.510|
A<4>           |C<8>           |    9.726|
A<4>           |C<9>           |   10.306|
A<4>           |C<10>          |    9.947|
A<4>           |C<11>          |   10.096|
A<4>           |C<12>          |    9.640|
A<4>           |C<13>          |   10.457|
A<4>           |C<14>          |   10.159|
A<4>           |C<15>          |   10.366|
A<4>           |C<16>          |    9.780|
A<4>           |C<17>          |   10.640|
A<4>           |C<18>          |    9.702|
A<4>           |C<19>          |    9.721|
A<4>           |C<20>          |   10.625|
A<4>           |C<21>          |   10.123|
A<4>           |C<22>          |   10.060|
A<4>           |C<23>          |   10.922|
A<4>           |C<24>          |   10.959|
A<4>           |C<25>          |   10.742|
A<4>           |C<26>          |   10.531|
A<4>           |C<27>          |   10.354|
A<4>           |C<28>          |   10.392|
A<4>           |C<29>          |   10.917|
A<4>           |C<30>          |   10.243|
A<4>           |C<31>          |   10.348|
A<5>           |C<0>           |   10.075|
A<5>           |C<1>           |    9.120|
A<5>           |C<2>           |    9.195|
A<5>           |C<3>           |    9.826|
A<5>           |C<4>           |    9.762|
A<5>           |C<5>           |    9.345|
A<5>           |C<6>           |    9.757|
A<5>           |C<7>           |    9.535|
A<5>           |C<8>           |    9.743|
A<5>           |C<9>           |   10.323|
A<5>           |C<10>          |    9.964|
A<5>           |C<11>          |   10.113|
A<5>           |C<12>          |    9.657|
A<5>           |C<13>          |   10.474|
A<5>           |C<14>          |   10.176|
A<5>           |C<15>          |   10.383|
A<5>           |C<16>          |    9.797|
A<5>           |C<17>          |   10.657|
A<5>           |C<18>          |    9.719|
A<5>           |C<19>          |    9.738|
A<5>           |C<20>          |   10.642|
A<5>           |C<21>          |   10.140|
A<5>           |C<22>          |   10.077|
A<5>           |C<23>          |   10.939|
A<5>           |C<24>          |   10.976|
A<5>           |C<25>          |   10.759|
A<5>           |C<26>          |   10.548|
A<5>           |C<27>          |   10.371|
A<5>           |C<28>          |   10.409|
A<5>           |C<29>          |   10.934|
A<5>           |C<30>          |   10.260|
A<5>           |C<31>          |   10.365|
A<6>           |C<0>           |    9.793|
A<6>           |C<1>           |    9.617|
A<6>           |C<2>           |   10.123|
A<6>           |C<3>           |    9.655|
A<6>           |C<4>           |    9.480|
A<6>           |C<5>           |    9.842|
A<6>           |C<6>           |    9.861|
A<6>           |C<7>           |    9.608|
A<6>           |C<8>           |    9.891|
A<6>           |C<9>           |   10.471|
A<6>           |C<10>          |   10.112|
A<6>           |C<11>          |   10.261|
A<6>           |C<12>          |    9.805|
A<6>           |C<13>          |   10.622|
A<6>           |C<14>          |   10.324|
A<6>           |C<15>          |   10.531|
A<6>           |C<16>          |    9.945|
A<6>           |C<17>          |   10.805|
A<6>           |C<18>          |    9.867|
A<6>           |C<19>          |    9.886|
A<6>           |C<20>          |   10.790|
A<6>           |C<21>          |   10.288|
A<6>           |C<22>          |   10.225|
A<6>           |C<23>          |   11.087|
A<6>           |C<24>          |   11.124|
A<6>           |C<25>          |   10.907|
A<6>           |C<26>          |   10.696|
A<6>           |C<27>          |   10.519|
A<6>           |C<28>          |   10.557|
A<6>           |C<29>          |   11.082|
A<6>           |C<30>          |   10.408|
A<6>           |C<31>          |   10.513|
A<7>           |C<0>           |   10.366|
A<7>           |C<1>           |    9.411|
A<7>           |C<2>           |    9.969|
A<7>           |C<3>           |   10.189|
A<7>           |C<4>           |   10.053|
A<7>           |C<5>           |    9.636|
A<7>           |C<6>           |    9.707|
A<7>           |C<7>           |   10.315|
A<7>           |C<8>           |    9.987|
A<7>           |C<9>           |   10.567|
A<7>           |C<10>          |   10.208|
A<7>           |C<11>          |   10.357|
A<7>           |C<12>          |    9.901|
A<7>           |C<13>          |   10.718|
A<7>           |C<14>          |   10.420|
A<7>           |C<15>          |   10.627|
A<7>           |C<16>          |   10.041|
A<7>           |C<17>          |   10.901|
A<7>           |C<18>          |    9.963|
A<7>           |C<19>          |    9.982|
A<7>           |C<20>          |   10.886|
A<7>           |C<21>          |   10.384|
A<7>           |C<22>          |   10.321|
A<7>           |C<23>          |   11.183|
A<7>           |C<24>          |   11.220|
A<7>           |C<25>          |   11.003|
A<7>           |C<26>          |   10.792|
A<7>           |C<27>          |   10.615|
A<7>           |C<28>          |   10.653|
A<7>           |C<29>          |   11.178|
A<7>           |C<30>          |   10.504|
A<7>           |C<31>          |   10.609|
A<8>           |C<0>           |    9.271|
A<8>           |C<1>           |    9.821|
A<8>           |C<2>           |   10.327|
A<8>           |C<3>           |   10.128|
A<8>           |C<4>           |    9.902|
A<8>           |C<5>           |   10.046|
A<8>           |C<6>           |   10.065|
A<8>           |C<7>           |   10.254|
A<8>           |C<8>           |   10.145|
A<8>           |C<9>           |   10.268|
A<8>           |C<10>          |   10.096|
A<8>           |C<11>          |   10.235|
A<8>           |C<12>          |    9.867|
A<8>           |C<13>          |   10.684|
A<8>           |C<14>          |   10.386|
A<8>           |C<15>          |   10.593|
A<8>           |C<16>          |   10.007|
A<8>           |C<17>          |   10.867|
A<8>           |C<18>          |    9.929|
A<8>           |C<19>          |    9.948|
A<8>           |C<20>          |   10.852|
A<8>           |C<21>          |   10.350|
A<8>           |C<22>          |   10.287|
A<8>           |C<23>          |   11.149|
A<8>           |C<24>          |   11.186|
A<8>           |C<25>          |   10.969|
A<8>           |C<26>          |   10.758|
A<8>           |C<27>          |   10.581|
A<8>           |C<28>          |   10.619|
A<8>           |C<29>          |   11.144|
A<8>           |C<30>          |   10.470|
A<8>           |C<31>          |   10.575|
A<9>           |C<0>           |    9.270|
A<9>           |C<1>           |    9.198|
A<9>           |C<2>           |   10.013|
A<9>           |C<3>           |   10.233|
A<9>           |C<4>           |    9.901|
A<9>           |C<5>           |   10.629|
A<9>           |C<6>           |    9.751|
A<9>           |C<7>           |   10.359|
A<9>           |C<8>           |   10.144|
A<9>           |C<9>           |    9.980|
A<9>           |C<10>          |    9.629|
A<9>           |C<11>          |    9.766|
A<9>           |C<12>          |    9.399|
A<9>           |C<13>          |   10.216|
A<9>           |C<14>          |    9.918|
A<9>           |C<15>          |   10.125|
A<9>           |C<16>          |    9.539|
A<9>           |C<17>          |   10.399|
A<9>           |C<18>          |    9.461|
A<9>           |C<19>          |    9.480|
A<9>           |C<20>          |   10.384|
A<9>           |C<21>          |    9.882|
A<9>           |C<22>          |    9.819|
A<9>           |C<23>          |   10.681|
A<9>           |C<24>          |   10.718|
A<9>           |C<25>          |   10.501|
A<9>           |C<26>          |   10.290|
A<9>           |C<27>          |   10.113|
A<9>           |C<28>          |   10.151|
A<9>           |C<29>          |   10.676|
A<9>           |C<30>          |   10.002|
A<9>           |C<31>          |   10.107|
A<10>          |C<0>           |    8.810|
A<10>          |C<1>           |    9.470|
A<10>          |C<2>           |    9.897|
A<10>          |C<3>           |   10.190|
A<10>          |C<4>           |    9.441|
A<10>          |C<5>           |   10.901|
A<10>          |C<6>           |   10.040|
A<10>          |C<7>           |   10.316|
A<10>          |C<8>           |    9.684|
A<10>          |C<9>           |   10.252|
A<10>          |C<10>          |   10.153|
A<10>          |C<11>          |    9.763|
A<10>          |C<12>          |    9.491|
A<10>          |C<13>          |   10.308|
A<10>          |C<14>          |   10.010|
A<10>          |C<15>          |   10.217|
A<10>          |C<16>          |    9.631|
A<10>          |C<17>          |   10.491|
A<10>          |C<18>          |    9.553|
A<10>          |C<19>          |    9.572|
A<10>          |C<20>          |   10.476|
A<10>          |C<21>          |    9.974|
A<10>          |C<22>          |    9.911|
A<10>          |C<23>          |   10.773|
A<10>          |C<24>          |   10.810|
A<10>          |C<25>          |   10.593|
A<10>          |C<26>          |   10.382|
A<10>          |C<27>          |   10.205|
A<10>          |C<28>          |   10.243|
A<10>          |C<29>          |   10.768|
A<10>          |C<30>          |   10.094|
A<10>          |C<31>          |   10.199|
A<11>          |C<0>           |    8.691|
A<11>          |C<1>           |    9.310|
A<11>          |C<2>           |    9.662|
A<11>          |C<3>           |    9.706|
A<11>          |C<4>           |    9.322|
A<11>          |C<5>           |   10.741|
A<11>          |C<6>           |   10.123|
A<11>          |C<7>           |   10.335|
A<11>          |C<8>           |    9.565|
A<11>          |C<9>           |   10.092|
A<11>          |C<10>          |   10.236|
A<11>          |C<11>          |   10.428|
A<11>          |C<12>          |    9.807|
A<11>          |C<13>          |   10.624|
A<11>          |C<14>          |   10.326|
A<11>          |C<15>          |   10.533|
A<11>          |C<16>          |    9.947|
A<11>          |C<17>          |   10.807|
A<11>          |C<18>          |    9.869|
A<11>          |C<19>          |    9.888|
A<11>          |C<20>          |   10.792|
A<11>          |C<21>          |   10.290|
A<11>          |C<22>          |   10.227|
A<11>          |C<23>          |   11.089|
A<11>          |C<24>          |   11.126|
A<11>          |C<25>          |   10.909|
A<11>          |C<26>          |   10.698|
A<11>          |C<27>          |   10.521|
A<11>          |C<28>          |   10.559|
A<11>          |C<29>          |   11.084|
A<11>          |C<30>          |   10.410|
A<11>          |C<31>          |   10.515|
A<12>          |C<0>           |    9.777|
A<12>          |C<1>           |    9.508|
A<12>          |C<2>           |    9.935|
A<12>          |C<3>           |    9.043|
A<12>          |C<4>           |    9.464|
A<12>          |C<5>           |   10.939|
A<12>          |C<6>           |   10.078|
A<12>          |C<7>           |   10.169|
A<12>          |C<8>           |    9.614|
A<12>          |C<9>           |   10.290|
A<12>          |C<10>          |   10.191|
A<12>          |C<11>          |   10.262|
A<12>          |C<12>          |   10.294|
A<12>          |C<13>          |   10.535|
A<12>          |C<14>          |   10.402|
A<12>          |C<15>          |   10.599|
A<12>          |C<16>          |   10.093|
A<12>          |C<17>          |   10.953|
A<12>          |C<18>          |   10.015|
A<12>          |C<19>          |   10.034|
A<12>          |C<20>          |   10.938|
A<12>          |C<21>          |   10.436|
A<12>          |C<22>          |   10.373|
A<12>          |C<23>          |   11.235|
A<12>          |C<24>          |   11.272|
A<12>          |C<25>          |   11.055|
A<12>          |C<26>          |   10.844|
A<12>          |C<27>          |   10.667|
A<12>          |C<28>          |   10.705|
A<12>          |C<29>          |   11.230|
A<12>          |C<30>          |   10.556|
A<12>          |C<31>          |   10.661|
A<13>          |C<0>           |   10.355|
A<13>          |C<1>           |    9.684|
A<13>          |C<2>           |    9.553|
A<13>          |C<3>           |    9.597|
A<13>          |C<4>           |   10.042|
A<13>          |C<5>           |    9.909|
A<13>          |C<6>           |   10.014|
A<13>          |C<7>           |   10.226|
A<13>          |C<8>           |    9.997|
A<13>          |C<9>           |    9.761|
A<13>          |C<10>          |   10.127|
A<13>          |C<11>          |   10.319|
A<13>          |C<12>          |   10.677|
A<13>          |C<13>          |   10.641|
A<13>          |C<14>          |    9.923|
A<13>          |C<15>          |   10.121|
A<13>          |C<16>          |    9.607|
A<13>          |C<17>          |   10.467|
A<13>          |C<18>          |    9.529|
A<13>          |C<19>          |    9.548|
A<13>          |C<20>          |   10.452|
A<13>          |C<21>          |    9.950|
A<13>          |C<22>          |    9.887|
A<13>          |C<23>          |   10.749|
A<13>          |C<24>          |   10.786|
A<13>          |C<25>          |   10.569|
A<13>          |C<26>          |   10.358|
A<13>          |C<27>          |   10.181|
A<13>          |C<28>          |   10.219|
A<13>          |C<29>          |   10.744|
A<13>          |C<30>          |   10.070|
A<13>          |C<31>          |   10.175|
A<14>          |C<0>           |    9.853|
A<14>          |C<1>           |    9.735|
A<14>          |C<2>           |    9.662|
A<14>          |C<3>           |    9.119|
A<14>          |C<4>           |    9.540|
A<14>          |C<5>           |    9.960|
A<14>          |C<6>           |    9.400|
A<14>          |C<7>           |   10.245|
A<14>          |C<8>           |    9.690|
A<14>          |C<9>           |    9.481|
A<14>          |C<10>          |   10.021|
A<14>          |C<11>          |   10.338|
A<14>          |C<12>          |   10.370|
A<14>          |C<13>          |   10.361|
A<14>          |C<14>          |    9.873|
A<14>          |C<15>          |    9.995|
A<14>          |C<16>          |    9.593|
A<14>          |C<17>          |   10.453|
A<14>          |C<18>          |    9.515|
A<14>          |C<19>          |    9.534|
A<14>          |C<20>          |   10.438|
A<14>          |C<21>          |    9.936|
A<14>          |C<22>          |    9.873|
A<14>          |C<23>          |   10.735|
A<14>          |C<24>          |   10.772|
A<14>          |C<25>          |   10.555|
A<14>          |C<26>          |   10.344|
A<14>          |C<27>          |   10.167|
A<14>          |C<28>          |   10.205|
A<14>          |C<29>          |   10.730|
A<14>          |C<30>          |   10.056|
A<14>          |C<31>          |   10.161|
A<15>          |C<0>           |    9.758|
A<15>          |C<1>           |    9.087|
A<15>          |C<2>           |    9.645|
A<15>          |C<3>           |    9.615|
A<15>          |C<4>           |    9.445|
A<15>          |C<5>           |    9.312|
A<15>          |C<6>           |    9.383|
A<15>          |C<7>           |    9.741|
A<15>          |C<8>           |    9.400|
A<15>          |C<9>           |    9.164|
A<15>          |C<10>          |    9.931|
A<15>          |C<11>          |    9.620|
A<15>          |C<12>          |   10.080|
A<15>          |C<13>          |   10.044|
A<15>          |C<14>          |    9.783|
A<15>          |C<15>          |    9.891|
A<15>          |C<16>          |    9.219|
A<15>          |C<17>          |   10.079|
A<15>          |C<18>          |    9.141|
A<15>          |C<19>          |    9.160|
A<15>          |C<20>          |   10.064|
A<15>          |C<21>          |    9.562|
A<15>          |C<22>          |    9.499|
A<15>          |C<23>          |   10.361|
A<15>          |C<24>          |   10.398|
A<15>          |C<25>          |   10.181|
A<15>          |C<26>          |    9.970|
A<15>          |C<27>          |    9.793|
A<15>          |C<28>          |    9.831|
A<15>          |C<29>          |   10.356|
A<15>          |C<30>          |    9.682|
A<15>          |C<31>          |    9.787|
A<16>          |C<0>           |    8.709|
A<16>          |C<1>           |    9.833|
A<16>          |C<2>           |    9.760|
A<16>          |C<3>           |    9.819|
A<16>          |C<4>           |    9.700|
A<16>          |C<5>           |   10.058|
A<16>          |C<6>           |    9.498|
A<16>          |C<7>           |    9.945|
A<16>          |C<8>           |    9.943|
A<16>          |C<9>           |    9.579|
A<16>          |C<10>          |   10.119|
A<16>          |C<11>          |    9.784|
A<16>          |C<12>          |    9.918|
A<16>          |C<13>          |   10.459|
A<16>          |C<14>          |    9.971|
A<16>          |C<15>          |   10.055|
A<16>          |C<16>          |    8.870|
A<16>          |C<17>          |    9.752|
A<16>          |C<18>          |    8.979|
A<16>          |C<19>          |    8.988|
A<16>          |C<20>          |    9.972|
A<16>          |C<21>          |    9.470|
A<16>          |C<22>          |    9.407|
A<16>          |C<23>          |   10.269|
A<16>          |C<24>          |   10.306|
A<16>          |C<25>          |   10.089|
A<16>          |C<26>          |    9.878|
A<16>          |C<27>          |    9.701|
A<16>          |C<28>          |    9.739|
A<16>          |C<29>          |   10.264|
A<16>          |C<30>          |    9.590|
A<16>          |C<31>          |    9.695|
A<17>          |C<0>           |    8.361|
A<17>          |C<1>           |    9.252|
A<17>          |C<2>           |    9.859|
A<17>          |C<3>           |    9.829|
A<17>          |C<4>           |    9.352|
A<17>          |C<5>           |    9.755|
A<17>          |C<6>           |    9.597|
A<17>          |C<7>           |    9.955|
A<17>          |C<8>           |    9.595|
A<17>          |C<9>           |    9.106|
A<17>          |C<10>          |   10.145|
A<17>          |C<11>          |    9.834|
A<17>          |C<12>          |    9.570|
A<17>          |C<13>          |    9.079|
A<17>          |C<14>          |    9.997|
A<17>          |C<15>          |   10.105|
A<17>          |C<16>          |    8.522|
A<17>          |C<17>          |    9.491|
A<17>          |C<18>          |    8.931|
A<17>          |C<19>          |    8.938|
A<17>          |C<20>          |    9.931|
A<17>          |C<21>          |    9.429|
A<17>          |C<22>          |    9.366|
A<17>          |C<23>          |   10.228|
A<17>          |C<24>          |   10.265|
A<17>          |C<25>          |   10.048|
A<17>          |C<26>          |    9.837|
A<17>          |C<27>          |    9.660|
A<17>          |C<28>          |    9.698|
A<17>          |C<29>          |   10.223|
A<17>          |C<30>          |    9.549|
A<17>          |C<31>          |    9.654|
A<18>          |C<0>           |    9.466|
A<18>          |C<1>           |   10.169|
A<18>          |C<2>           |    9.334|
A<18>          |C<3>           |   10.916|
A<18>          |C<4>           |   10.457|
A<18>          |C<5>           |   10.672|
A<18>          |C<6>           |   10.079|
A<18>          |C<7>           |   11.042|
A<18>          |C<8>           |   10.700|
A<18>          |C<9>           |   10.023|
A<18>          |C<10>          |   10.192|
A<18>          |C<11>          |   10.276|
A<18>          |C<12>          |   10.675|
A<18>          |C<13>          |    9.996|
A<18>          |C<14>          |   10.192|
A<18>          |C<15>          |   10.547|
A<18>          |C<16>          |    9.627|
A<18>          |C<17>          |   10.039|
A<18>          |C<18>          |    9.913|
A<18>          |C<19>          |    9.328|
A<18>          |C<20>          |   10.359|
A<18>          |C<21>          |    9.857|
A<18>          |C<22>          |    9.794|
A<18>          |C<23>          |   10.656|
A<18>          |C<24>          |   10.693|
A<18>          |C<25>          |   10.476|
A<18>          |C<26>          |   10.265|
A<18>          |C<27>          |   10.088|
A<18>          |C<28>          |   10.126|
A<18>          |C<29>          |   10.651|
A<18>          |C<30>          |    9.977|
A<18>          |C<31>          |   10.082|
A<19>          |C<0>           |    8.894|
A<19>          |C<1>           |    9.883|
A<19>          |C<2>           |    8.737|
A<19>          |C<3>           |   10.026|
A<19>          |C<4>           |    9.885|
A<19>          |C<5>           |   10.386|
A<19>          |C<6>           |    9.482|
A<19>          |C<7>           |    9.997|
A<19>          |C<8>           |   10.128|
A<19>          |C<9>           |    9.737|
A<19>          |C<10>          |    9.595|
A<19>          |C<11>          |   10.090|
A<19>          |C<12>          |   10.103|
A<19>          |C<13>          |    9.710|
A<19>          |C<14>          |    9.595|
A<19>          |C<15>          |   10.505|
A<19>          |C<16>          |    9.055|
A<19>          |C<17>          |    9.753|
A<19>          |C<18>          |    9.316|
A<19>          |C<19>          |   10.397|
A<19>          |C<20>          |   10.160|
A<19>          |C<21>          |    9.658|
A<19>          |C<22>          |    9.595|
A<19>          |C<23>          |   10.457|
A<19>          |C<24>          |   10.494|
A<19>          |C<25>          |   10.277|
A<19>          |C<26>          |   10.066|
A<19>          |C<27>          |    9.889|
A<19>          |C<28>          |    9.927|
A<19>          |C<29>          |   10.452|
A<19>          |C<30>          |    9.778|
A<19>          |C<31>          |    9.883|
A<20>          |C<0>           |    8.605|
A<20>          |C<1>           |    9.567|
A<20>          |C<2>           |    8.836|
A<20>          |C<3>           |    9.717|
A<20>          |C<4>           |   10.372|
A<20>          |C<5>           |   10.070|
A<20>          |C<6>           |    9.581|
A<20>          |C<7>           |    9.688|
A<20>          |C<8>           |    9.067|
A<20>          |C<9>           |    9.421|
A<20>          |C<10>          |    9.694|
A<20>          |C<11>          |    9.781|
A<20>          |C<12>          |    9.747|
A<20>          |C<13>          |    9.394|
A<20>          |C<14>          |    9.694|
A<20>          |C<15>          |   10.196|
A<20>          |C<16>          |    8.766|
A<20>          |C<17>          |    9.437|
A<20>          |C<18>          |    9.415|
A<20>          |C<19>          |   10.088|
A<20>          |C<20>          |    9.659|
A<20>          |C<21>          |    9.213|
A<20>          |C<22>          |    9.318|
A<20>          |C<23>          |   10.170|
A<20>          |C<24>          |   10.295|
A<20>          |C<25>          |   10.078|
A<20>          |C<26>          |    9.867|
A<20>          |C<27>          |    9.690|
A<20>          |C<28>          |    9.728|
A<20>          |C<29>          |   10.253|
A<20>          |C<30>          |    9.579|
A<20>          |C<31>          |    9.684|
A<21>          |C<0>           |    8.682|
A<21>          |C<1>           |   10.063|
A<21>          |C<2>           |    8.405|
A<21>          |C<3>           |    9.417|
A<21>          |C<4>           |   10.449|
A<21>          |C<5>           |    9.503|
A<21>          |C<6>           |    9.150|
A<21>          |C<7>           |    9.388|
A<21>          |C<8>           |    9.144|
A<21>          |C<9>           |    9.024|
A<21>          |C<10>          |    9.263|
A<21>          |C<11>          |    9.481|
A<21>          |C<12>          |    9.824|
A<21>          |C<13>          |    9.904|
A<21>          |C<14>          |    9.263|
A<21>          |C<15>          |    9.896|
A<21>          |C<16>          |    8.843|
A<21>          |C<17>          |    9.933|
A<21>          |C<18>          |    8.984|
A<21>          |C<19>          |    9.788|
A<21>          |C<20>          |    9.554|
A<21>          |C<21>          |   10.312|
A<21>          |C<22>          |    9.575|
A<21>          |C<23>          |   10.428|
A<21>          |C<24>          |   10.537|
A<21>          |C<25>          |   10.320|
A<21>          |C<26>          |   10.109|
A<21>          |C<27>          |    9.932|
A<21>          |C<28>          |    9.970|
A<21>          |C<29>          |   10.495|
A<21>          |C<30>          |    9.821|
A<21>          |C<31>          |    9.926|
A<22>          |C<0>           |    8.478|
A<22>          |C<1>           |    9.629|
A<22>          |C<2>           |    8.420|
A<22>          |C<3>           |    9.192|
A<22>          |C<4>           |   10.245|
A<22>          |C<5>           |    9.069|
A<22>          |C<6>           |    8.337|
A<22>          |C<7>           |    9.163|
A<22>          |C<8>           |    8.940|
A<22>          |C<9>           |    8.590|
A<22>          |C<10>          |    9.240|
A<22>          |C<11>          |    9.256|
A<22>          |C<12>          |    9.620|
A<22>          |C<13>          |    9.470|
A<22>          |C<14>          |    9.092|
A<22>          |C<15>          |    9.671|
A<22>          |C<16>          |    8.639|
A<22>          |C<17>          |    9.499|
A<22>          |C<18>          |    8.999|
A<22>          |C<19>          |    9.563|
A<22>          |C<20>          |    9.350|
A<22>          |C<21>          |    9.878|
A<22>          |C<22>          |    9.496|
A<22>          |C<23>          |   10.382|
A<22>          |C<24>          |   10.603|
A<22>          |C<25>          |   10.386|
A<22>          |C<26>          |   10.175|
A<22>          |C<27>          |    9.998|
A<22>          |C<28>          |   10.036|
A<22>          |C<29>          |   10.561|
A<22>          |C<30>          |    9.887|
A<22>          |C<31>          |    9.992|
A<23>          |C<0>           |    8.846|
A<23>          |C<1>           |    9.970|
A<23>          |C<2>           |    8.797|
A<23>          |C<3>           |    9.431|
A<23>          |C<4>           |   10.613|
A<23>          |C<5>           |    9.410|
A<23>          |C<6>           |    8.714|
A<23>          |C<7>           |    9.695|
A<23>          |C<8>           |    9.308|
A<23>          |C<9>           |    8.931|
A<23>          |C<10>          |    9.617|
A<23>          |C<11>          |    9.113|
A<23>          |C<12>          |    9.988|
A<23>          |C<13>          |    9.811|
A<23>          |C<14>          |    9.469|
A<23>          |C<15>          |    9.384|
A<23>          |C<16>          |    9.007|
A<23>          |C<17>          |    9.840|
A<23>          |C<18>          |    9.376|
A<23>          |C<19>          |    9.802|
A<23>          |C<20>          |    9.718|
A<23>          |C<21>          |   10.219|
A<23>          |C<22>          |    9.728|
A<23>          |C<23>          |    9.902|
A<23>          |C<24>          |   10.042|
A<23>          |C<25>          |    9.825|
A<23>          |C<26>          |    9.614|
A<23>          |C<27>          |    9.437|
A<23>          |C<28>          |    9.475|
A<23>          |C<29>          |   10.000|
A<23>          |C<30>          |    9.326|
A<23>          |C<31>          |    9.431|
A<24>          |C<0>           |    9.352|
A<24>          |C<1>           |   10.591|
A<24>          |C<2>           |    9.184|
A<24>          |C<3>           |   10.293|
A<24>          |C<4>           |   11.338|
A<24>          |C<5>           |   10.031|
A<24>          |C<6>           |    9.101|
A<24>          |C<7>           |   10.557|
A<24>          |C<8>           |   10.687|
A<24>          |C<9>           |    9.552|
A<24>          |C<10>          |   10.004|
A<24>          |C<11>          |    9.975|
A<24>          |C<12>          |   10.153|
A<24>          |C<13>          |   10.432|
A<24>          |C<14>          |    9.856|
A<24>          |C<15>          |   10.246|
A<24>          |C<16>          |    9.513|
A<24>          |C<17>          |   10.461|
A<24>          |C<18>          |    9.763|
A<24>          |C<19>          |   10.664|
A<24>          |C<20>          |   10.443|
A<24>          |C<21>          |   10.840|
A<24>          |C<22>          |   10.115|
A<24>          |C<23>          |   10.764|
A<24>          |C<24>          |   10.559|
A<24>          |C<25>          |   10.073|
A<24>          |C<26>          |   10.027|
A<24>          |C<27>          |    9.840|
A<24>          |C<28>          |    9.958|
A<24>          |C<29>          |   10.483|
A<24>          |C<30>          |    9.809|
A<24>          |C<31>          |    9.914|
A<25>          |C<0>           |    8.739|
A<25>          |C<1>           |    9.955|
A<25>          |C<2>           |    9.179|
A<25>          |C<3>           |    9.913|
A<25>          |C<4>           |   10.725|
A<25>          |C<5>           |    8.756|
A<25>          |C<6>           |    9.096|
A<25>          |C<7>           |   10.177|
A<25>          |C<8>           |   10.074|
A<25>          |C<9>           |    8.857|
A<25>          |C<10>          |    9.999|
A<25>          |C<11>          |    9.595|
A<25>          |C<12>          |    9.540|
A<25>          |C<13>          |    9.289|
A<25>          |C<14>          |    9.851|
A<25>          |C<15>          |    9.866|
A<25>          |C<16>          |    8.900|
A<25>          |C<17>          |    9.825|
A<25>          |C<18>          |    9.758|
A<25>          |C<19>          |   10.284|
A<25>          |C<20>          |    9.830|
A<25>          |C<21>          |    9.565|
A<25>          |C<22>          |   10.110|
A<25>          |C<23>          |   10.384|
A<25>          |C<24>          |    9.946|
A<25>          |C<25>          |   10.203|
A<25>          |C<26>          |   10.339|
A<25>          |C<27>          |   10.153|
A<25>          |C<28>          |   10.263|
A<25>          |C<29>          |   10.788|
A<25>          |C<30>          |   10.114|
A<25>          |C<31>          |   10.219|
A<26>          |C<0>           |    8.948|
A<26>          |C<1>           |    9.713|
A<26>          |C<2>           |    8.712|
A<26>          |C<3>           |    9.973|
A<26>          |C<4>           |   10.934|
A<26>          |C<5>           |    8.514|
A<26>          |C<6>           |    8.091|
A<26>          |C<7>           |   10.237|
A<26>          |C<8>           |   10.283|
A<26>          |C<9>           |    8.615|
A<26>          |C<10>          |    9.243|
A<26>          |C<11>          |    9.655|
A<26>          |C<12>          |    9.749|
A<26>          |C<13>          |    9.047|
A<26>          |C<14>          |    8.577|
A<26>          |C<15>          |    9.926|
A<26>          |C<16>          |    9.109|
A<26>          |C<17>          |    9.583|
A<26>          |C<18>          |    9.291|
A<26>          |C<19>          |   10.344|
A<26>          |C<20>          |   10.039|
A<26>          |C<21>          |    9.323|
A<26>          |C<22>          |    9.105|
A<26>          |C<23>          |   10.444|
A<26>          |C<24>          |   10.155|
A<26>          |C<25>          |    9.245|
A<26>          |C<26>          |    9.476|
A<26>          |C<27>          |    9.359|
A<26>          |C<28>          |    9.545|
A<26>          |C<29>          |   10.070|
A<26>          |C<30>          |    9.396|
A<26>          |C<31>          |    9.501|
A<27>          |C<0>           |    9.405|
A<27>          |C<1>           |   10.314|
A<27>          |C<2>           |    9.704|
A<27>          |C<3>           |    9.933|
A<27>          |C<4>           |   11.391|
A<27>          |C<5>           |    9.115|
A<27>          |C<6>           |    9.083|
A<27>          |C<7>           |   10.122|
A<27>          |C<8>           |   10.740|
A<27>          |C<9>           |    9.216|
A<27>          |C<10>          |   10.235|
A<27>          |C<11>          |    9.483|
A<27>          |C<12>          |   10.206|
A<27>          |C<13>          |    9.648|
A<27>          |C<14>          |    9.569|
A<27>          |C<15>          |   10.412|
A<27>          |C<16>          |    9.566|
A<27>          |C<17>          |   10.184|
A<27>          |C<18>          |   10.283|
A<27>          |C<19>          |   10.304|
A<27>          |C<20>          |   10.496|
A<27>          |C<21>          |    9.924|
A<27>          |C<22>          |   10.097|
A<27>          |C<23>          |   10.329|
A<27>          |C<24>          |   10.612|
A<27>          |C<25>          |    9.846|
A<27>          |C<26>          |   10.336|
A<27>          |C<27>          |   10.072|
A<27>          |C<28>          |   10.045|
A<27>          |C<29>          |   10.570|
A<27>          |C<30>          |    9.896|
A<27>          |C<31>          |   10.001|
A<28>          |C<0>           |    9.031|
A<28>          |C<1>           |   10.445|
A<28>          |C<2>           |    9.553|
A<28>          |C<3>           |   10.067|
A<28>          |C<4>           |   11.214|
A<28>          |C<5>           |    9.246|
A<28>          |C<6>           |    8.932|
A<28>          |C<7>           |   10.256|
A<28>          |C<8>           |   10.566|
A<28>          |C<9>           |    9.347|
A<28>          |C<10>          |   10.084|
A<28>          |C<11>          |    9.617|
A<28>          |C<12>          |    9.544|
A<28>          |C<13>          |    9.779|
A<28>          |C<14>          |    9.418|
A<28>          |C<15>          |   10.546|
A<28>          |C<16>          |    9.192|
A<28>          |C<17>          |   10.315|
A<28>          |C<18>          |   10.132|
A<28>          |C<19>          |   10.438|
A<28>          |C<20>          |   10.319|
A<28>          |C<21>          |   10.055|
A<28>          |C<22>          |    9.946|
A<28>          |C<23>          |   10.463|
A<28>          |C<24>          |   10.438|
A<28>          |C<25>          |    9.977|
A<28>          |C<26>          |   10.185|
A<28>          |C<27>          |   10.206|
A<28>          |C<28>          |   10.329|
A<28>          |C<29>          |   10.599|
A<28>          |C<30>          |   10.090|
A<28>          |C<31>          |   10.185|
A<29>          |C<0>           |    9.147|
A<29>          |C<1>           |   10.367|
A<29>          |C<2>           |    9.313|
A<29>          |C<3>           |    9.985|
A<29>          |C<4>           |   11.330|
A<29>          |C<5>           |   10.054|
A<29>          |C<6>           |    8.692|
A<29>          |C<7>           |   10.174|
A<29>          |C<8>           |   10.682|
A<29>          |C<9>           |   10.051|
A<29>          |C<10>          |    9.844|
A<29>          |C<11>          |    9.535|
A<29>          |C<12>          |    9.660|
A<29>          |C<13>          |    9.322|
A<29>          |C<14>          |    9.178|
A<29>          |C<15>          |   10.464|
A<29>          |C<16>          |    9.308|
A<29>          |C<17>          |   10.237|
A<29>          |C<18>          |    9.892|
A<29>          |C<19>          |   10.356|
A<29>          |C<20>          |   10.435|
A<29>          |C<21>          |   10.863|
A<29>          |C<22>          |    9.706|
A<29>          |C<23>          |   10.381|
A<29>          |C<24>          |   10.554|
A<29>          |C<25>          |   10.681|
A<29>          |C<26>          |    9.945|
A<29>          |C<27>          |   10.124|
A<29>          |C<28>          |   10.445|
A<29>          |C<29>          |   11.133|
A<29>          |C<30>          |   10.806|
A<29>          |C<31>          |   10.902|
A<30>          |C<0>           |    9.370|
A<30>          |C<1>           |   10.455|
A<30>          |C<2>           |   10.207|
A<30>          |C<3>           |   10.176|
A<30>          |C<4>           |   11.553|
A<30>          |C<5>           |   10.288|
A<30>          |C<6>           |    9.707|
A<30>          |C<7>           |   10.365|
A<30>          |C<8>           |   10.905|
A<30>          |C<9>           |   10.285|
A<30>          |C<10>          |   10.777|
A<30>          |C<11>          |    9.726|
A<30>          |C<12>          |    9.883|
A<30>          |C<13>          |    9.563|
A<30>          |C<14>          |    9.685|
A<30>          |C<15>          |   10.655|
A<30>          |C<16>          |    9.531|
A<30>          |C<17>          |   10.325|
A<30>          |C<18>          |   10.786|
A<30>          |C<19>          |   10.547|
A<30>          |C<20>          |   10.658|
A<30>          |C<21>          |   11.097|
A<30>          |C<22>          |   10.721|
A<30>          |C<23>          |   10.572|
A<30>          |C<24>          |   10.777|
A<30>          |C<25>          |   10.915|
A<30>          |C<26>          |   10.878|
A<30>          |C<27>          |   10.315|
A<30>          |C<28>          |   10.668|
A<30>          |C<29>          |    9.756|
A<30>          |C<30>          |   10.338|
A<30>          |C<31>          |   10.113|
A<31>          |C<0>           |    9.480|
A<31>          |C<1>           |   10.512|
A<31>          |C<2>           |   10.519|
A<31>          |C<3>           |   10.191|
A<31>          |C<4>           |   11.008|
A<31>          |C<5>           |   10.345|
A<31>          |C<6>           |   10.024|
A<31>          |C<7>           |   10.543|
A<31>          |C<8>           |   10.360|
A<31>          |C<9>           |   10.678|
A<31>          |C<10>          |   11.089|
A<31>          |C<11>          |   10.723|
A<31>          |C<12>          |    9.842|
A<31>          |C<13>          |    9.979|
A<31>          |C<14>          |    9.997|
A<31>          |C<15>          |   11.189|
A<31>          |C<16>          |    8.986|
A<31>          |C<17>          |   10.382|
A<31>          |C<18>          |   11.098|
A<31>          |C<19>          |    9.723|
A<31>          |C<20>          |   10.113|
A<31>          |C<21>          |   11.154|
A<31>          |C<22>          |   11.038|
A<31>          |C<23>          |    9.933|
A<31>          |C<24>          |   10.232|
A<31>          |C<25>          |   10.972|
A<31>          |C<26>          |   11.190|
A<31>          |C<27>          |    9.581|
A<31>          |C<28>          |   10.226|
A<31>          |C<29>          |    9.972|
A<31>          |C<30>          |   10.650|
A<31>          |C<31>          |   10.143|
ALUOp<0>       |C<0>           |   11.135|
ALUOp<0>       |C<1>           |   12.010|
ALUOp<0>       |C<2>           |   12.226|
ALUOp<0>       |C<3>           |   11.969|
ALUOp<0>       |C<4>           |   12.218|
ALUOp<0>       |C<5>           |   12.026|
ALUOp<0>       |C<6>           |   12.121|
ALUOp<0>       |C<7>           |   11.908|
ALUOp<0>       |C<8>           |   12.044|
ALUOp<0>       |C<9>           |   12.624|
ALUOp<0>       |C<10>          |   12.265|
ALUOp<0>       |C<11>          |   12.414|
ALUOp<0>       |C<12>          |   11.958|
ALUOp<0>       |C<13>          |   12.775|
ALUOp<0>       |C<14>          |   12.477|
ALUOp<0>       |C<15>          |   12.684|
ALUOp<0>       |C<16>          |   12.098|
ALUOp<0>       |C<17>          |   12.958|
ALUOp<0>       |C<18>          |   12.020|
ALUOp<0>       |C<19>          |   12.039|
ALUOp<0>       |C<20>          |   12.943|
ALUOp<0>       |C<21>          |   12.441|
ALUOp<0>       |C<22>          |   12.378|
ALUOp<0>       |C<23>          |   13.240|
ALUOp<0>       |C<24>          |   13.277|
ALUOp<0>       |C<25>          |   13.060|
ALUOp<0>       |C<26>          |   12.849|
ALUOp<0>       |C<27>          |   12.672|
ALUOp<0>       |C<28>          |   12.710|
ALUOp<0>       |C<29>          |   13.235|
ALUOp<0>       |C<30>          |   12.561|
ALUOp<0>       |C<31>          |   12.666|
ALUOp<1>       |C<0>           |   10.328|
ALUOp<1>       |C<1>           |   10.818|
ALUOp<1>       |C<2>           |   11.141|
ALUOp<1>       |C<3>           |   11.429|
ALUOp<1>       |C<4>           |   10.898|
ALUOp<1>       |C<5>           |   11.099|
ALUOp<1>       |C<6>           |   10.779|
ALUOp<1>       |C<7>           |   11.969|
ALUOp<1>       |C<8>           |   11.184|
ALUOp<1>       |C<9>           |   11.526|
ALUOp<1>       |C<10>          |   11.011|
ALUOp<1>       |C<11>          |   11.571|
ALUOp<1>       |C<12>          |   10.690|
ALUOp<1>       |C<13>          |   11.235|
ALUOp<1>       |C<14>          |   11.298|
ALUOp<1>       |C<15>          |   10.705|
ALUOp<1>       |C<16>          |    9.791|
ALUOp<1>       |C<17>          |   10.520|
ALUOp<1>       |C<18>          |   11.261|
ALUOp<1>       |C<19>          |   11.800|
ALUOp<1>       |C<20>          |   10.086|
ALUOp<1>       |C<21>          |   11.523|
ALUOp<1>       |C<22>          |   11.424|
ALUOp<1>       |C<23>          |   12.176|
ALUOp<1>       |C<24>          |   10.784|
ALUOp<1>       |C<25>          |   11.671|
ALUOp<1>       |C<26>          |   11.112|
ALUOp<1>       |C<27>          |   11.401|
ALUOp<1>       |C<28>          |   10.634|
ALUOp<1>       |C<29>          |   10.747|
ALUOp<1>       |C<30>          |   11.951|
ALUOp<1>       |C<31>          |   10.562|
ALUOp<2>       |C<0>           |   10.426|
ALUOp<2>       |C<1>           |   10.916|
ALUOp<2>       |C<2>           |   11.181|
ALUOp<2>       |C<3>           |   11.469|
ALUOp<2>       |C<4>           |   10.938|
ALUOp<2>       |C<5>           |   11.139|
ALUOp<2>       |C<6>           |   10.827|
ALUOp<2>       |C<7>           |   12.009|
ALUOp<2>       |C<8>           |   11.282|
ALUOp<2>       |C<9>           |   11.624|
ALUOp<2>       |C<10>          |   11.059|
ALUOp<2>       |C<11>          |   11.669|
ALUOp<2>       |C<12>          |   10.788|
ALUOp<2>       |C<13>          |   11.340|
ALUOp<2>       |C<14>          |   11.338|
ALUOp<2>       |C<15>          |   10.810|
ALUOp<2>       |C<16>          |    9.682|
ALUOp<2>       |C<17>          |   10.389|
ALUOp<2>       |C<18>          |   11.301|
ALUOp<2>       |C<19>          |   11.840|
ALUOp<2>       |C<20>          |   10.414|
ALUOp<2>       |C<21>          |   11.628|
ALUOp<2>       |C<22>          |   11.497|
ALUOp<2>       |C<23>          |   12.216|
ALUOp<2>       |C<24>          |   10.889|
ALUOp<2>       |C<25>          |   11.711|
ALUOp<2>       |C<26>          |   11.160|
ALUOp<2>       |C<27>          |   11.449|
ALUOp<2>       |C<28>          |   10.674|
ALUOp<2>       |C<29>          |   10.787|
ALUOp<2>       |C<30>          |   11.991|
ALUOp<2>       |C<31>          |   10.610|
B<0>           |C<0>           |   10.055|
B<0>           |C<1>           |   11.176|
B<0>           |C<2>           |   10.677|
B<0>           |C<3>           |   10.770|
B<0>           |C<4>           |   11.700|
B<0>           |C<5>           |   10.727|
B<0>           |C<6>           |   10.579|
B<0>           |C<7>           |   10.366|
B<0>           |C<8>           |   11.049|
B<0>           |C<9>           |   11.082|
B<0>           |C<10>          |   10.974|
B<0>           |C<11>          |   10.872|
B<0>           |C<12>          |   10.810|
B<0>           |C<13>          |   11.233|
B<0>           |C<14>          |   10.935|
B<0>           |C<15>          |   11.142|
B<0>           |C<16>          |   10.556|
B<0>           |C<17>          |   11.416|
B<0>           |C<18>          |   10.733|
B<0>           |C<19>          |   11.141|
B<0>           |C<20>          |   11.401|
B<0>           |C<21>          |   11.425|
B<0>           |C<22>          |   11.085|
B<0>           |C<23>          |   11.698|
B<0>           |C<24>          |   11.735|
B<0>           |C<25>          |   11.518|
B<0>           |C<26>          |   11.307|
B<0>           |C<27>          |   11.130|
B<0>           |C<28>          |   11.168|
B<0>           |C<29>          |   11.693|
B<0>           |C<30>          |   11.019|
B<0>           |C<31>          |   11.124|
B<1>           |C<0>           |   11.068|
B<1>           |C<1>           |   10.998|
B<1>           |C<2>           |   11.236|
B<1>           |C<3>           |   11.211|
B<1>           |C<4>           |   11.128|
B<1>           |C<5>           |   11.240|
B<1>           |C<6>           |   10.974|
B<1>           |C<7>           |   11.337|
B<1>           |C<8>           |   10.710|
B<1>           |C<9>           |   10.591|
B<1>           |C<10>          |   11.258|
B<1>           |C<11>          |   10.976|
B<1>           |C<12>          |   11.390|
B<1>           |C<13>          |   11.354|
B<1>           |C<14>          |   11.110|
B<1>           |C<15>          |   11.373|
B<1>           |C<16>          |   10.018|
B<1>           |C<17>          |   10.878|
B<1>           |C<18>          |   10.636|
B<1>           |C<19>          |   10.916|
B<1>           |C<20>          |   10.863|
B<1>           |C<21>          |   11.247|
B<1>           |C<22>          |   10.583|
B<1>           |C<23>          |   11.160|
B<1>           |C<24>          |   11.197|
B<1>           |C<25>          |   10.980|
B<1>           |C<26>          |   10.769|
B<1>           |C<27>          |   10.592|
B<1>           |C<28>          |   10.630|
B<1>           |C<29>          |   11.155|
B<1>           |C<30>          |   10.481|
B<1>           |C<31>          |   10.586|
B<2>           |C<0>           |    8.887|
B<2>           |C<1>           |    9.707|
B<2>           |C<2>           |   10.287|
B<2>           |C<3>           |   10.063|
B<2>           |C<4>           |   10.846|
B<2>           |C<5>           |   10.232|
B<2>           |C<6>           |   10.327|
B<2>           |C<7>           |   10.114|
B<2>           |C<8>           |   10.250|
B<2>           |C<9>           |   10.830|
B<2>           |C<10>          |   10.471|
B<2>           |C<11>          |   10.620|
B<2>           |C<12>          |   10.164|
B<2>           |C<13>          |   10.981|
B<2>           |C<14>          |   10.683|
B<2>           |C<15>          |   11.187|
B<2>           |C<16>          |   10.304|
B<2>           |C<17>          |   11.164|
B<2>           |C<18>          |   10.226|
B<2>           |C<19>          |   10.245|
B<2>           |C<20>          |   11.149|
B<2>           |C<21>          |   10.647|
B<2>           |C<22>          |   10.584|
B<2>           |C<23>          |   11.446|
B<2>           |C<24>          |   11.483|
B<2>           |C<25>          |   11.266|
B<2>           |C<26>          |   11.055|
B<2>           |C<27>          |   10.878|
B<2>           |C<28>          |   10.916|
B<2>           |C<29>          |   11.441|
B<2>           |C<30>          |   10.767|
B<2>           |C<31>          |   10.872|
B<3>           |C<0>           |    9.807|
B<3>           |C<1>           |   10.151|
B<3>           |C<2>           |    9.709|
B<3>           |C<3>           |   10.910|
B<3>           |C<4>           |   11.085|
B<3>           |C<5>           |   10.335|
B<3>           |C<6>           |   10.430|
B<3>           |C<7>           |   11.036|
B<3>           |C<8>           |   10.353|
B<3>           |C<9>           |   10.933|
B<3>           |C<10>          |   10.574|
B<3>           |C<11>          |   10.723|
B<3>           |C<12>          |   10.267|
B<3>           |C<13>          |   11.084|
B<3>           |C<14>          |   10.786|
B<3>           |C<15>          |   11.555|
B<3>           |C<16>          |   10.407|
B<3>           |C<17>          |   11.267|
B<3>           |C<18>          |   10.329|
B<3>           |C<19>          |   10.348|
B<3>           |C<20>          |   11.252|
B<3>           |C<21>          |   10.750|
B<3>           |C<22>          |   10.687|
B<3>           |C<23>          |   11.549|
B<3>           |C<24>          |   11.586|
B<3>           |C<25>          |   11.369|
B<3>           |C<26>          |   11.158|
B<3>           |C<27>          |   10.981|
B<3>           |C<28>          |   11.019|
B<3>           |C<29>          |   11.544|
B<3>           |C<30>          |   10.870|
B<3>           |C<31>          |   10.975|
B<4>           |C<0>           |    9.142|
B<4>           |C<1>           |    9.254|
B<4>           |C<2>           |    8.979|
B<4>           |C<3>           |    9.061|
B<4>           |C<4>           |   10.196|
B<4>           |C<5>           |   10.060|
B<4>           |C<6>           |   10.320|
B<4>           |C<7>           |   10.097|
B<4>           |C<8>           |   10.313|
B<4>           |C<9>           |   10.893|
B<4>           |C<10>          |   10.534|
B<4>           |C<11>          |   10.683|
B<4>           |C<12>          |   10.227|
B<4>           |C<13>          |   11.044|
B<4>           |C<14>          |   10.746|
B<4>           |C<15>          |   10.953|
B<4>           |C<16>          |   10.367|
B<4>           |C<17>          |   11.227|
B<4>           |C<18>          |   10.289|
B<4>           |C<19>          |   10.308|
B<4>           |C<20>          |   11.212|
B<4>           |C<21>          |   10.710|
B<4>           |C<22>          |   10.647|
B<4>           |C<23>          |   11.509|
B<4>           |C<24>          |   11.546|
B<4>           |C<25>          |   11.329|
B<4>           |C<26>          |   11.118|
B<4>           |C<27>          |   10.941|
B<4>           |C<28>          |   10.979|
B<4>           |C<29>          |   11.504|
B<4>           |C<30>          |   10.830|
B<4>           |C<31>          |   10.935|
B<5>           |C<0>           |   10.497|
B<5>           |C<1>           |   11.186|
B<5>           |C<2>           |   11.730|
B<5>           |C<3>           |   12.018|
B<5>           |C<4>           |   11.487|
B<5>           |C<5>           |   11.688|
B<5>           |C<6>           |   11.376|
B<5>           |C<7>           |   12.558|
B<5>           |C<8>           |   11.517|
B<5>           |C<9>           |   11.695|
B<5>           |C<10>          |   11.608|
B<5>           |C<11>          |   11.740|
B<5>           |C<12>          |   10.859|
B<5>           |C<13>          |   11.422|
B<5>           |C<14>          |   11.887|
B<5>           |C<15>          |   10.892|
B<5>           |C<16>          |   10.159|
B<5>           |C<17>          |   10.938|
B<5>           |C<18>          |   11.850|
B<5>           |C<19>          |   12.389|
B<5>           |C<20>          |   10.742|
B<5>           |C<21>          |   11.947|
B<5>           |C<22>          |   12.013|
B<5>           |C<23>          |   12.765|
B<5>           |C<24>          |   11.076|
B<5>           |C<25>          |   12.260|
B<5>           |C<26>          |   11.709|
B<5>           |C<27>          |   11.998|
B<5>           |C<28>          |   11.224|
B<5>           |C<29>          |   11.336|
B<5>           |C<30>          |   12.540|
B<5>           |C<31>          |   10.692|
B<6>           |C<0>           |   10.163|
B<6>           |C<1>           |   10.852|
B<6>           |C<2>           |   11.396|
B<6>           |C<3>           |   11.684|
B<6>           |C<4>           |   11.153|
B<6>           |C<5>           |   11.354|
B<6>           |C<6>           |   11.042|
B<6>           |C<7>           |   12.224|
B<6>           |C<8>           |   11.183|
B<6>           |C<9>           |   11.361|
B<6>           |C<10>          |   11.274|
B<6>           |C<11>          |   11.406|
B<6>           |C<12>          |   10.525|
B<6>           |C<13>          |   11.088|
B<6>           |C<14>          |   11.553|
B<6>           |C<15>          |   10.558|
B<6>           |C<16>          |    9.825|
B<6>           |C<17>          |   10.631|
B<6>           |C<18>          |   11.516|
B<6>           |C<19>          |   12.055|
B<6>           |C<20>          |   10.616|
B<6>           |C<21>          |   11.613|
B<6>           |C<22>          |   11.679|
B<6>           |C<23>          |   12.431|
B<6>           |C<24>          |   10.950|
B<6>           |C<25>          |   11.926|
B<6>           |C<26>          |   11.375|
B<6>           |C<27>          |   11.664|
B<6>           |C<28>          |   10.890|
B<6>           |C<29>          |   11.002|
B<6>           |C<30>          |   12.206|
B<6>           |C<31>          |   10.358|
B<7>           |C<0>           |   10.104|
B<7>           |C<1>           |   10.793|
B<7>           |C<2>           |   11.337|
B<7>           |C<3>           |   11.625|
B<7>           |C<4>           |   11.094|
B<7>           |C<5>           |   11.295|
B<7>           |C<6>           |   10.983|
B<7>           |C<7>           |   12.165|
B<7>           |C<8>           |   11.124|
B<7>           |C<9>           |   11.302|
B<7>           |C<10>          |   11.215|
B<7>           |C<11>          |   11.347|
B<7>           |C<12>          |   10.466|
B<7>           |C<13>          |   11.029|
B<7>           |C<14>          |   11.494|
B<7>           |C<15>          |   10.499|
B<7>           |C<16>          |    9.766|
B<7>           |C<17>          |   10.545|
B<7>           |C<18>          |   11.457|
B<7>           |C<19>          |   11.996|
B<7>           |C<20>          |   10.262|
B<7>           |C<21>          |   11.554|
B<7>           |C<22>          |   11.620|
B<7>           |C<23>          |   12.372|
B<7>           |C<24>          |   10.596|
B<7>           |C<25>          |   11.867|
B<7>           |C<26>          |   11.316|
B<7>           |C<27>          |   11.605|
B<7>           |C<28>          |   10.831|
B<7>           |C<29>          |   10.943|
B<7>           |C<30>          |   12.147|
B<7>           |C<31>          |   10.299|
B<8>           |C<0>           |   10.305|
B<8>           |C<1>           |   10.994|
B<8>           |C<2>           |   11.538|
B<8>           |C<3>           |   11.826|
B<8>           |C<4>           |   11.295|
B<8>           |C<5>           |   11.496|
B<8>           |C<6>           |   11.184|
B<8>           |C<7>           |   12.366|
B<8>           |C<8>           |   11.325|
B<8>           |C<9>           |   11.503|
B<8>           |C<10>          |   11.416|
B<8>           |C<11>          |   11.548|
B<8>           |C<12>          |   10.667|
B<8>           |C<13>          |   11.230|
B<8>           |C<14>          |   11.695|
B<8>           |C<15>          |   10.700|
B<8>           |C<16>          |    9.967|
B<8>           |C<17>          |   10.750|
B<8>           |C<18>          |   11.658|
B<8>           |C<19>          |   12.197|
B<8>           |C<20>          |   10.735|
B<8>           |C<21>          |   11.755|
B<8>           |C<22>          |   11.821|
B<8>           |C<23>          |   12.573|
B<8>           |C<24>          |   11.069|
B<8>           |C<25>          |   12.068|
B<8>           |C<26>          |   11.517|
B<8>           |C<27>          |   11.806|
B<8>           |C<28>          |   11.032|
B<8>           |C<29>          |   11.144|
B<8>           |C<30>          |   12.348|
B<8>           |C<31>          |   10.500|
B<9>           |C<0>           |   11.033|
B<9>           |C<1>           |   11.722|
B<9>           |C<2>           |   12.266|
B<9>           |C<3>           |   12.554|
B<9>           |C<4>           |   12.023|
B<9>           |C<5>           |   12.224|
B<9>           |C<6>           |   11.912|
B<9>           |C<7>           |   13.094|
B<9>           |C<8>           |   12.053|
B<9>           |C<9>           |   12.231|
B<9>           |C<10>          |   12.144|
B<9>           |C<11>          |   12.276|
B<9>           |C<12>          |   11.395|
B<9>           |C<13>          |   11.958|
B<9>           |C<14>          |   12.423|
B<9>           |C<15>          |   11.428|
B<9>           |C<16>          |   10.695|
B<9>           |C<17>          |   11.474|
B<9>           |C<18>          |   12.386|
B<9>           |C<19>          |   12.925|
B<9>           |C<20>          |   11.128|
B<9>           |C<21>          |   12.483|
B<9>           |C<22>          |   12.549|
B<9>           |C<23>          |   13.301|
B<9>           |C<24>          |   11.507|
B<9>           |C<25>          |   12.796|
B<9>           |C<26>          |   12.245|
B<9>           |C<27>          |   12.534|
B<9>           |C<28>          |   11.760|
B<9>           |C<29>          |   11.872|
B<9>           |C<30>          |   13.076|
B<9>           |C<31>          |   11.228|
B<10>          |C<0>           |   10.732|
B<10>          |C<1>           |   11.421|
B<10>          |C<2>           |   11.965|
B<10>          |C<3>           |   12.253|
B<10>          |C<4>           |   11.722|
B<10>          |C<5>           |   11.923|
B<10>          |C<6>           |   11.611|
B<10>          |C<7>           |   12.793|
B<10>          |C<8>           |   11.752|
B<10>          |C<9>           |   11.930|
B<10>          |C<10>          |   11.843|
B<10>          |C<11>          |   11.975|
B<10>          |C<12>          |   11.094|
B<10>          |C<13>          |   11.657|
B<10>          |C<14>          |   12.122|
B<10>          |C<15>          |   11.127|
B<10>          |C<16>          |   10.394|
B<10>          |C<17>          |   11.173|
B<10>          |C<18>          |   12.085|
B<10>          |C<19>          |   12.624|
B<10>          |C<20>          |   10.827|
B<10>          |C<21>          |   12.182|
B<10>          |C<22>          |   12.248|
B<10>          |C<23>          |   13.000|
B<10>          |C<24>          |   11.206|
B<10>          |C<25>          |   12.495|
B<10>          |C<26>          |   11.944|
B<10>          |C<27>          |   12.233|
B<10>          |C<28>          |   11.459|
B<10>          |C<29>          |   11.571|
B<10>          |C<30>          |   12.775|
B<10>          |C<31>          |   10.927|
B<11>          |C<0>           |   10.881|
B<11>          |C<1>           |   11.570|
B<11>          |C<2>           |   12.114|
B<11>          |C<3>           |   12.402|
B<11>          |C<4>           |   11.871|
B<11>          |C<5>           |   12.072|
B<11>          |C<6>           |   11.760|
B<11>          |C<7>           |   12.942|
B<11>          |C<8>           |   11.901|
B<11>          |C<9>           |   12.079|
B<11>          |C<10>          |   11.992|
B<11>          |C<11>          |   12.124|
B<11>          |C<12>          |   11.243|
B<11>          |C<13>          |   11.806|
B<11>          |C<14>          |   12.271|
B<11>          |C<15>          |   11.276|
B<11>          |C<16>          |   10.543|
B<11>          |C<17>          |   11.322|
B<11>          |C<18>          |   12.234|
B<11>          |C<19>          |   12.773|
B<11>          |C<20>          |   10.976|
B<11>          |C<21>          |   12.331|
B<11>          |C<22>          |   12.397|
B<11>          |C<23>          |   13.149|
B<11>          |C<24>          |   11.355|
B<11>          |C<25>          |   12.644|
B<11>          |C<26>          |   12.093|
B<11>          |C<27>          |   12.382|
B<11>          |C<28>          |   11.608|
B<11>          |C<29>          |   11.720|
B<11>          |C<30>          |   12.924|
B<11>          |C<31>          |   11.076|
B<12>          |C<0>           |   11.571|
B<12>          |C<1>           |   12.260|
B<12>          |C<2>           |   12.804|
B<12>          |C<3>           |   13.092|
B<12>          |C<4>           |   12.561|
B<12>          |C<5>           |   12.762|
B<12>          |C<6>           |   12.450|
B<12>          |C<7>           |   13.632|
B<12>          |C<8>           |   12.591|
B<12>          |C<9>           |   12.769|
B<12>          |C<10>          |   12.682|
B<12>          |C<11>          |   12.814|
B<12>          |C<12>          |   11.933|
B<12>          |C<13>          |   12.496|
B<12>          |C<14>          |   12.961|
B<12>          |C<15>          |   11.966|
B<12>          |C<16>          |   11.233|
B<12>          |C<17>          |   12.012|
B<12>          |C<18>          |   12.924|
B<12>          |C<19>          |   13.463|
B<12>          |C<20>          |   11.666|
B<12>          |C<21>          |   13.021|
B<12>          |C<22>          |   13.087|
B<12>          |C<23>          |   13.839|
B<12>          |C<24>          |   12.045|
B<12>          |C<25>          |   13.334|
B<12>          |C<26>          |   12.783|
B<12>          |C<27>          |   13.072|
B<12>          |C<28>          |   12.298|
B<12>          |C<29>          |   12.410|
B<12>          |C<30>          |   13.614|
B<12>          |C<31>          |   11.766|
B<13>          |C<0>           |   11.116|
B<13>          |C<1>           |   11.805|
B<13>          |C<2>           |   12.349|
B<13>          |C<3>           |   12.637|
B<13>          |C<4>           |   12.106|
B<13>          |C<5>           |   12.307|
B<13>          |C<6>           |   11.995|
B<13>          |C<7>           |   13.177|
B<13>          |C<8>           |   12.136|
B<13>          |C<9>           |   12.314|
B<13>          |C<10>          |   12.227|
B<13>          |C<11>          |   12.359|
B<13>          |C<12>          |   11.478|
B<13>          |C<13>          |   12.041|
B<13>          |C<14>          |   12.506|
B<13>          |C<15>          |   11.511|
B<13>          |C<16>          |   10.778|
B<13>          |C<17>          |   11.557|
B<13>          |C<18>          |   12.469|
B<13>          |C<19>          |   13.008|
B<13>          |C<20>          |   11.211|
B<13>          |C<21>          |   12.566|
B<13>          |C<22>          |   12.632|
B<13>          |C<23>          |   13.384|
B<13>          |C<24>          |   11.590|
B<13>          |C<25>          |   12.879|
B<13>          |C<26>          |   12.328|
B<13>          |C<27>          |   12.617|
B<13>          |C<28>          |   11.843|
B<13>          |C<29>          |   11.955|
B<13>          |C<30>          |   13.159|
B<13>          |C<31>          |   11.311|
B<14>          |C<0>           |   11.306|
B<14>          |C<1>           |   11.995|
B<14>          |C<2>           |   12.539|
B<14>          |C<3>           |   12.827|
B<14>          |C<4>           |   12.296|
B<14>          |C<5>           |   12.497|
B<14>          |C<6>           |   12.185|
B<14>          |C<7>           |   13.367|
B<14>          |C<8>           |   12.326|
B<14>          |C<9>           |   12.504|
B<14>          |C<10>          |   12.417|
B<14>          |C<11>          |   12.549|
B<14>          |C<12>          |   11.668|
B<14>          |C<13>          |   12.231|
B<14>          |C<14>          |   12.696|
B<14>          |C<15>          |   11.701|
B<14>          |C<16>          |   10.968|
B<14>          |C<17>          |   11.747|
B<14>          |C<18>          |   12.659|
B<14>          |C<19>          |   13.198|
B<14>          |C<20>          |   11.401|
B<14>          |C<21>          |   12.756|
B<14>          |C<22>          |   12.822|
B<14>          |C<23>          |   13.574|
B<14>          |C<24>          |   11.780|
B<14>          |C<25>          |   13.069|
B<14>          |C<26>          |   12.518|
B<14>          |C<27>          |   12.807|
B<14>          |C<28>          |   12.033|
B<14>          |C<29>          |   12.145|
B<14>          |C<30>          |   13.349|
B<14>          |C<31>          |   11.501|
B<15>          |C<0>           |   11.706|
B<15>          |C<1>           |   12.395|
B<15>          |C<2>           |   12.939|
B<15>          |C<3>           |   13.227|
B<15>          |C<4>           |   12.696|
B<15>          |C<5>           |   12.897|
B<15>          |C<6>           |   12.585|
B<15>          |C<7>           |   13.767|
B<15>          |C<8>           |   12.726|
B<15>          |C<9>           |   12.904|
B<15>          |C<10>          |   12.817|
B<15>          |C<11>          |   12.949|
B<15>          |C<12>          |   12.068|
B<15>          |C<13>          |   12.631|
B<15>          |C<14>          |   13.096|
B<15>          |C<15>          |   12.101|
B<15>          |C<16>          |   11.368|
B<15>          |C<17>          |   12.147|
B<15>          |C<18>          |   13.059|
B<15>          |C<19>          |   13.598|
B<15>          |C<20>          |   11.801|
B<15>          |C<21>          |   13.156|
B<15>          |C<22>          |   13.222|
B<15>          |C<23>          |   13.974|
B<15>          |C<24>          |   12.180|
B<15>          |C<25>          |   13.469|
B<15>          |C<26>          |   12.918|
B<15>          |C<27>          |   13.207|
B<15>          |C<28>          |   12.433|
B<15>          |C<29>          |   12.545|
B<15>          |C<30>          |   13.749|
B<15>          |C<31>          |   11.901|
B<16>          |C<0>           |   11.302|
B<16>          |C<1>           |   11.991|
B<16>          |C<2>           |   12.535|
B<16>          |C<3>           |   12.823|
B<16>          |C<4>           |   12.292|
B<16>          |C<5>           |   12.493|
B<16>          |C<6>           |   12.181|
B<16>          |C<7>           |   13.363|
B<16>          |C<8>           |   12.322|
B<16>          |C<9>           |   12.500|
B<16>          |C<10>          |   12.413|
B<16>          |C<11>          |   12.545|
B<16>          |C<12>          |   11.664|
B<16>          |C<13>          |   12.227|
B<16>          |C<14>          |   12.692|
B<16>          |C<15>          |   11.697|
B<16>          |C<16>          |   10.964|
B<16>          |C<17>          |   11.743|
B<16>          |C<18>          |   12.655|
B<16>          |C<19>          |   13.194|
B<16>          |C<20>          |   11.397|
B<16>          |C<21>          |   12.752|
B<16>          |C<22>          |   12.818|
B<16>          |C<23>          |   13.570|
B<16>          |C<24>          |   11.776|
B<16>          |C<25>          |   13.065|
B<16>          |C<26>          |   12.514|
B<16>          |C<27>          |   12.803|
B<16>          |C<28>          |   12.029|
B<16>          |C<29>          |   12.141|
B<16>          |C<30>          |   13.345|
B<16>          |C<31>          |   11.497|
B<17>          |C<0>           |   11.415|
B<17>          |C<1>           |   12.104|
B<17>          |C<2>           |   12.648|
B<17>          |C<3>           |   12.936|
B<17>          |C<4>           |   12.405|
B<17>          |C<5>           |   12.606|
B<17>          |C<6>           |   12.294|
B<17>          |C<7>           |   13.476|
B<17>          |C<8>           |   12.435|
B<17>          |C<9>           |   12.613|
B<17>          |C<10>          |   12.526|
B<17>          |C<11>          |   12.658|
B<17>          |C<12>          |   11.777|
B<17>          |C<13>          |   12.340|
B<17>          |C<14>          |   12.805|
B<17>          |C<15>          |   11.810|
B<17>          |C<16>          |   11.077|
B<17>          |C<17>          |   11.856|
B<17>          |C<18>          |   12.768|
B<17>          |C<19>          |   13.307|
B<17>          |C<20>          |   11.510|
B<17>          |C<21>          |   12.865|
B<17>          |C<22>          |   12.931|
B<17>          |C<23>          |   13.683|
B<17>          |C<24>          |   11.889|
B<17>          |C<25>          |   13.178|
B<17>          |C<26>          |   12.627|
B<17>          |C<27>          |   12.916|
B<17>          |C<28>          |   12.142|
B<17>          |C<29>          |   12.254|
B<17>          |C<30>          |   13.458|
B<17>          |C<31>          |   11.610|
B<18>          |C<0>           |   12.159|
B<18>          |C<1>           |   12.848|
B<18>          |C<2>           |   13.392|
B<18>          |C<3>           |   13.680|
B<18>          |C<4>           |   13.149|
B<18>          |C<5>           |   13.350|
B<18>          |C<6>           |   13.038|
B<18>          |C<7>           |   14.220|
B<18>          |C<8>           |   13.179|
B<18>          |C<9>           |   13.357|
B<18>          |C<10>          |   13.270|
B<18>          |C<11>          |   13.402|
B<18>          |C<12>          |   12.521|
B<18>          |C<13>          |   13.084|
B<18>          |C<14>          |   13.549|
B<18>          |C<15>          |   12.554|
B<18>          |C<16>          |   11.821|
B<18>          |C<17>          |   12.600|
B<18>          |C<18>          |   13.512|
B<18>          |C<19>          |   14.051|
B<18>          |C<20>          |   12.254|
B<18>          |C<21>          |   13.609|
B<18>          |C<22>          |   13.675|
B<18>          |C<23>          |   14.427|
B<18>          |C<24>          |   12.633|
B<18>          |C<25>          |   13.922|
B<18>          |C<26>          |   13.371|
B<18>          |C<27>          |   13.660|
B<18>          |C<28>          |   12.886|
B<18>          |C<29>          |   12.998|
B<18>          |C<30>          |   14.202|
B<18>          |C<31>          |   12.354|
B<19>          |C<0>           |   12.165|
B<19>          |C<1>           |   12.854|
B<19>          |C<2>           |   13.398|
B<19>          |C<3>           |   13.686|
B<19>          |C<4>           |   13.155|
B<19>          |C<5>           |   13.356|
B<19>          |C<6>           |   13.044|
B<19>          |C<7>           |   14.226|
B<19>          |C<8>           |   13.185|
B<19>          |C<9>           |   13.363|
B<19>          |C<10>          |   13.276|
B<19>          |C<11>          |   13.408|
B<19>          |C<12>          |   12.527|
B<19>          |C<13>          |   13.090|
B<19>          |C<14>          |   13.555|
B<19>          |C<15>          |   12.560|
B<19>          |C<16>          |   11.827|
B<19>          |C<17>          |   12.606|
B<19>          |C<18>          |   13.518|
B<19>          |C<19>          |   14.057|
B<19>          |C<20>          |   12.260|
B<19>          |C<21>          |   13.615|
B<19>          |C<22>          |   13.681|
B<19>          |C<23>          |   14.433|
B<19>          |C<24>          |   12.639|
B<19>          |C<25>          |   13.928|
B<19>          |C<26>          |   13.377|
B<19>          |C<27>          |   13.666|
B<19>          |C<28>          |   12.892|
B<19>          |C<29>          |   13.004|
B<19>          |C<30>          |   14.208|
B<19>          |C<31>          |   12.360|
B<20>          |C<0>           |   11.982|
B<20>          |C<1>           |   12.671|
B<20>          |C<2>           |   13.215|
B<20>          |C<3>           |   13.503|
B<20>          |C<4>           |   12.972|
B<20>          |C<5>           |   13.173|
B<20>          |C<6>           |   12.861|
B<20>          |C<7>           |   14.043|
B<20>          |C<8>           |   13.002|
B<20>          |C<9>           |   13.180|
B<20>          |C<10>          |   13.093|
B<20>          |C<11>          |   13.225|
B<20>          |C<12>          |   12.344|
B<20>          |C<13>          |   12.907|
B<20>          |C<14>          |   13.372|
B<20>          |C<15>          |   12.377|
B<20>          |C<16>          |   11.644|
B<20>          |C<17>          |   12.423|
B<20>          |C<18>          |   13.335|
B<20>          |C<19>          |   13.874|
B<20>          |C<20>          |   12.077|
B<20>          |C<21>          |   13.432|
B<20>          |C<22>          |   13.498|
B<20>          |C<23>          |   14.250|
B<20>          |C<24>          |   12.456|
B<20>          |C<25>          |   13.745|
B<20>          |C<26>          |   13.194|
B<20>          |C<27>          |   13.483|
B<20>          |C<28>          |   12.709|
B<20>          |C<29>          |   12.821|
B<20>          |C<30>          |   14.025|
B<20>          |C<31>          |   12.177|
B<21>          |C<0>           |   10.140|
B<21>          |C<1>           |   10.829|
B<21>          |C<2>           |   11.373|
B<21>          |C<3>           |   11.661|
B<21>          |C<4>           |   11.130|
B<21>          |C<5>           |   11.331|
B<21>          |C<6>           |   11.019|
B<21>          |C<7>           |   12.201|
B<21>          |C<8>           |   11.160|
B<21>          |C<9>           |   11.338|
B<21>          |C<10>          |   11.251|
B<21>          |C<11>          |   11.383|
B<21>          |C<12>          |   10.502|
B<21>          |C<13>          |   11.065|
B<21>          |C<14>          |   11.530|
B<21>          |C<15>          |   10.535|
B<21>          |C<16>          |    9.802|
B<21>          |C<17>          |   10.581|
B<21>          |C<18>          |   11.493|
B<21>          |C<19>          |   12.032|
B<21>          |C<20>          |   10.235|
B<21>          |C<21>          |   11.590|
B<21>          |C<22>          |   11.656|
B<21>          |C<23>          |   12.408|
B<21>          |C<24>          |   11.843|
B<21>          |C<25>          |   11.903|
B<21>          |C<26>          |   11.415|
B<21>          |C<27>          |   11.641|
B<21>          |C<28>          |   11.276|
B<21>          |C<29>          |   11.801|
B<21>          |C<30>          |   12.183|
B<21>          |C<31>          |   11.232|
B<22>          |C<0>           |   10.371|
B<22>          |C<1>           |   11.060|
B<22>          |C<2>           |   11.604|
B<22>          |C<3>           |   11.892|
B<22>          |C<4>           |   11.361|
B<22>          |C<5>           |   11.562|
B<22>          |C<6>           |   11.250|
B<22>          |C<7>           |   12.432|
B<22>          |C<8>           |   11.391|
B<22>          |C<9>           |   11.569|
B<22>          |C<10>          |   11.482|
B<22>          |C<11>          |   11.614|
B<22>          |C<12>          |   10.733|
B<22>          |C<13>          |   11.296|
B<22>          |C<14>          |   11.761|
B<22>          |C<15>          |   10.766|
B<22>          |C<16>          |   10.033|
B<22>          |C<17>          |   10.812|
B<22>          |C<18>          |   11.724|
B<22>          |C<19>          |   12.263|
B<22>          |C<20>          |   10.466|
B<22>          |C<21>          |   11.821|
B<22>          |C<22>          |   11.887|
B<22>          |C<23>          |   12.639|
B<22>          |C<24>          |   11.682|
B<22>          |C<25>          |   12.134|
B<22>          |C<26>          |   11.583|
B<22>          |C<27>          |   11.872|
B<22>          |C<28>          |   11.115|
B<22>          |C<29>          |   11.640|
B<22>          |C<30>          |   12.414|
B<22>          |C<31>          |   11.071|
B<23>          |C<0>           |   10.769|
B<23>          |C<1>           |   11.458|
B<23>          |C<2>           |   12.002|
B<23>          |C<3>           |   12.290|
B<23>          |C<4>           |   11.759|
B<23>          |C<5>           |   11.960|
B<23>          |C<6>           |   11.648|
B<23>          |C<7>           |   12.830|
B<23>          |C<8>           |   11.789|
B<23>          |C<9>           |   11.967|
B<23>          |C<10>          |   11.880|
B<23>          |C<11>          |   12.012|
B<23>          |C<12>          |   11.131|
B<23>          |C<13>          |   11.694|
B<23>          |C<14>          |   12.159|
B<23>          |C<15>          |   11.164|
B<23>          |C<16>          |   10.431|
B<23>          |C<17>          |   11.210|
B<23>          |C<18>          |   12.122|
B<23>          |C<19>          |   12.661|
B<23>          |C<20>          |   10.864|
B<23>          |C<21>          |   12.219|
B<23>          |C<22>          |   12.285|
B<23>          |C<23>          |   13.037|
B<23>          |C<24>          |   11.243|
B<23>          |C<25>          |   12.532|
B<23>          |C<26>          |   11.981|
B<23>          |C<27>          |   12.270|
B<23>          |C<28>          |   11.496|
B<23>          |C<29>          |   11.608|
B<23>          |C<30>          |   12.812|
B<23>          |C<31>          |   10.964|
B<24>          |C<0>           |   11.225|
B<24>          |C<1>           |   11.914|
B<24>          |C<2>           |   12.458|
B<24>          |C<3>           |   12.746|
B<24>          |C<4>           |   12.215|
B<24>          |C<5>           |   12.416|
B<24>          |C<6>           |   12.104|
B<24>          |C<7>           |   13.286|
B<24>          |C<8>           |   12.245|
B<24>          |C<9>           |   12.423|
B<24>          |C<10>          |   12.336|
B<24>          |C<11>          |   12.468|
B<24>          |C<12>          |   11.587|
B<24>          |C<13>          |   12.150|
B<24>          |C<14>          |   12.615|
B<24>          |C<15>          |   11.620|
B<24>          |C<16>          |   10.887|
B<24>          |C<17>          |   11.666|
B<24>          |C<18>          |   12.578|
B<24>          |C<19>          |   13.117|
B<24>          |C<20>          |   11.320|
B<24>          |C<21>          |   12.675|
B<24>          |C<22>          |   12.741|
B<24>          |C<23>          |   13.493|
B<24>          |C<24>          |   11.699|
B<24>          |C<25>          |   12.988|
B<24>          |C<26>          |   12.437|
B<24>          |C<27>          |   12.726|
B<24>          |C<28>          |   11.952|
B<24>          |C<29>          |   12.064|
B<24>          |C<30>          |   13.268|
B<24>          |C<31>          |   11.420|
B<25>          |C<0>           |   11.809|
B<25>          |C<1>           |   12.498|
B<25>          |C<2>           |   13.042|
B<25>          |C<3>           |   13.330|
B<25>          |C<4>           |   12.799|
B<25>          |C<5>           |   13.000|
B<25>          |C<6>           |   12.688|
B<25>          |C<7>           |   13.870|
B<25>          |C<8>           |   12.829|
B<25>          |C<9>           |   13.007|
B<25>          |C<10>          |   12.920|
B<25>          |C<11>          |   13.052|
B<25>          |C<12>          |   12.171|
B<25>          |C<13>          |   12.734|
B<25>          |C<14>          |   13.199|
B<25>          |C<15>          |   12.204|
B<25>          |C<16>          |   11.471|
B<25>          |C<17>          |   12.250|
B<25>          |C<18>          |   13.162|
B<25>          |C<19>          |   13.701|
B<25>          |C<20>          |   11.904|
B<25>          |C<21>          |   13.259|
B<25>          |C<22>          |   13.325|
B<25>          |C<23>          |   14.077|
B<25>          |C<24>          |   12.283|
B<25>          |C<25>          |   13.572|
B<25>          |C<26>          |   13.021|
B<25>          |C<27>          |   13.310|
B<25>          |C<28>          |   12.536|
B<25>          |C<29>          |   12.648|
B<25>          |C<30>          |   13.852|
B<25>          |C<31>          |   12.004|
B<26>          |C<0>           |   11.422|
B<26>          |C<1>           |   12.111|
B<26>          |C<2>           |   12.655|
B<26>          |C<3>           |   12.943|
B<26>          |C<4>           |   12.412|
B<26>          |C<5>           |   12.613|
B<26>          |C<6>           |   12.301|
B<26>          |C<7>           |   13.483|
B<26>          |C<8>           |   12.442|
B<26>          |C<9>           |   12.620|
B<26>          |C<10>          |   12.533|
B<26>          |C<11>          |   12.665|
B<26>          |C<12>          |   11.784|
B<26>          |C<13>          |   12.347|
B<26>          |C<14>          |   12.812|
B<26>          |C<15>          |   11.817|
B<26>          |C<16>          |   11.084|
B<26>          |C<17>          |   11.863|
B<26>          |C<18>          |   12.775|
B<26>          |C<19>          |   13.314|
B<26>          |C<20>          |   11.517|
B<26>          |C<21>          |   12.872|
B<26>          |C<22>          |   12.938|
B<26>          |C<23>          |   13.690|
B<26>          |C<24>          |   11.896|
B<26>          |C<25>          |   13.185|
B<26>          |C<26>          |   12.634|
B<26>          |C<27>          |   12.923|
B<26>          |C<28>          |   12.149|
B<26>          |C<29>          |   12.261|
B<26>          |C<30>          |   13.465|
B<26>          |C<31>          |   11.617|
B<27>          |C<0>           |   11.401|
B<27>          |C<1>           |   12.090|
B<27>          |C<2>           |   12.634|
B<27>          |C<3>           |   12.922|
B<27>          |C<4>           |   12.391|
B<27>          |C<5>           |   12.592|
B<27>          |C<6>           |   12.280|
B<27>          |C<7>           |   13.462|
B<27>          |C<8>           |   12.421|
B<27>          |C<9>           |   12.599|
B<27>          |C<10>          |   12.512|
B<27>          |C<11>          |   12.644|
B<27>          |C<12>          |   11.763|
B<27>          |C<13>          |   12.326|
B<27>          |C<14>          |   12.791|
B<27>          |C<15>          |   11.796|
B<27>          |C<16>          |   11.063|
B<27>          |C<17>          |   11.842|
B<27>          |C<18>          |   12.754|
B<27>          |C<19>          |   13.293|
B<27>          |C<20>          |   11.496|
B<27>          |C<21>          |   12.851|
B<27>          |C<22>          |   12.917|
B<27>          |C<23>          |   13.669|
B<27>          |C<24>          |   11.875|
B<27>          |C<25>          |   13.164|
B<27>          |C<26>          |   12.613|
B<27>          |C<27>          |   12.902|
B<27>          |C<28>          |   12.128|
B<27>          |C<29>          |   12.240|
B<27>          |C<30>          |   13.444|
B<27>          |C<31>          |   11.596|
B<28>          |C<0>           |    9.812|
B<28>          |C<1>           |   10.501|
B<28>          |C<2>           |   11.045|
B<28>          |C<3>           |   11.333|
B<28>          |C<4>           |   10.802|
B<28>          |C<5>           |   11.003|
B<28>          |C<6>           |   10.691|
B<28>          |C<7>           |   11.873|
B<28>          |C<8>           |   10.832|
B<28>          |C<9>           |   11.010|
B<28>          |C<10>          |   10.923|
B<28>          |C<11>          |   11.055|
B<28>          |C<12>          |   10.174|
B<28>          |C<13>          |   10.737|
B<28>          |C<14>          |   11.202|
B<28>          |C<15>          |   10.207|
B<28>          |C<16>          |    9.474|
B<28>          |C<17>          |   10.253|
B<28>          |C<18>          |   11.165|
B<28>          |C<19>          |   11.704|
B<28>          |C<20>          |    9.907|
B<28>          |C<21>          |   11.262|
B<28>          |C<22>          |   11.328|
B<28>          |C<23>          |   12.080|
B<28>          |C<24>          |   10.286|
B<28>          |C<25>          |   11.575|
B<28>          |C<26>          |   11.024|
B<28>          |C<27>          |   11.313|
B<28>          |C<28>          |   10.539|
B<28>          |C<29>          |   10.651|
B<28>          |C<30>          |   11.855|
B<28>          |C<31>          |   10.213|
B<29>          |C<0>           |   10.230|
B<29>          |C<1>           |   10.919|
B<29>          |C<2>           |   11.463|
B<29>          |C<3>           |   11.751|
B<29>          |C<4>           |   11.220|
B<29>          |C<5>           |   11.421|
B<29>          |C<6>           |   11.109|
B<29>          |C<7>           |   12.291|
B<29>          |C<8>           |   11.250|
B<29>          |C<9>           |   11.428|
B<29>          |C<10>          |   11.341|
B<29>          |C<11>          |   11.473|
B<29>          |C<12>          |   10.592|
B<29>          |C<13>          |   11.155|
B<29>          |C<14>          |   11.620|
B<29>          |C<15>          |   10.625|
B<29>          |C<16>          |    9.892|
B<29>          |C<17>          |   10.671|
B<29>          |C<18>          |   11.583|
B<29>          |C<19>          |   12.122|
B<29>          |C<20>          |   10.325|
B<29>          |C<21>          |   11.680|
B<29>          |C<22>          |   11.746|
B<29>          |C<23>          |   12.498|
B<29>          |C<24>          |   10.704|
B<29>          |C<25>          |   11.993|
B<29>          |C<26>          |   11.442|
B<29>          |C<27>          |   11.731|
B<29>          |C<28>          |   10.957|
B<29>          |C<29>          |   11.095|
B<29>          |C<30>          |   12.273|
B<29>          |C<31>          |   10.864|
B<30>          |C<0>           |   10.756|
B<30>          |C<1>           |   11.445|
B<30>          |C<2>           |   11.989|
B<30>          |C<3>           |   12.277|
B<30>          |C<4>           |   11.746|
B<30>          |C<5>           |   11.947|
B<30>          |C<6>           |   11.635|
B<30>          |C<7>           |   12.817|
B<30>          |C<8>           |   11.776|
B<30>          |C<9>           |   11.954|
B<30>          |C<10>          |   11.867|
B<30>          |C<11>          |   11.999|
B<30>          |C<12>          |   11.118|
B<30>          |C<13>          |   11.681|
B<30>          |C<14>          |   12.146|
B<30>          |C<15>          |   11.151|
B<30>          |C<16>          |   10.418|
B<30>          |C<17>          |   11.197|
B<30>          |C<18>          |   12.109|
B<30>          |C<19>          |   12.648|
B<30>          |C<20>          |   10.851|
B<30>          |C<21>          |   12.206|
B<30>          |C<22>          |   12.272|
B<30>          |C<23>          |   13.024|
B<30>          |C<24>          |   11.230|
B<30>          |C<25>          |   12.519|
B<30>          |C<26>          |   11.968|
B<30>          |C<27>          |   12.257|
B<30>          |C<28>          |   11.483|
B<30>          |C<29>          |   11.595|
B<30>          |C<30>          |   12.799|
B<30>          |C<31>          |   10.951|
B<31>          |C<0>           |   10.923|
B<31>          |C<1>           |   11.612|
B<31>          |C<2>           |   12.156|
B<31>          |C<3>           |   12.444|
B<31>          |C<4>           |   11.913|
B<31>          |C<5>           |   12.114|
B<31>          |C<6>           |   11.802|
B<31>          |C<7>           |   12.984|
B<31>          |C<8>           |   11.943|
B<31>          |C<9>           |   12.121|
B<31>          |C<10>          |   12.034|
B<31>          |C<11>          |   12.166|
B<31>          |C<12>          |   11.285|
B<31>          |C<13>          |   11.848|
B<31>          |C<14>          |   12.313|
B<31>          |C<15>          |   11.318|
B<31>          |C<16>          |   10.585|
B<31>          |C<17>          |   11.364|
B<31>          |C<18>          |   12.276|
B<31>          |C<19>          |   12.815|
B<31>          |C<20>          |   11.018|
B<31>          |C<21>          |   12.373|
B<31>          |C<22>          |   12.439|
B<31>          |C<23>          |   13.191|
B<31>          |C<24>          |   11.397|
B<31>          |C<25>          |   12.686|
B<31>          |C<26>          |   12.135|
B<31>          |C<27>          |   12.424|
B<31>          |C<28>          |   11.650|
B<31>          |C<29>          |   11.762|
B<31>          |C<30>          |   12.966|
B<31>          |C<31>          |   11.118|
---------------+---------------+---------+


Analysis completed Sat Oct 23 10:04:44 2021 
--------------------------------------------------------------------------------

Trace Settings:
-------------------------
Trace Settings 

Peak Memory Usage: 4951 MB



