ISim log file
Running: C:\Users\zhangke\Desktop\CO\p6\tmips_isim_beh.exe -intstyle ise -gui -tclbatch isim.cmd -wdb C:/Users/zhangke/Desktop/CO/p6/tmips_isim_beh.wdb 
ISim P.20131013 (signature 0x7708f090)
This is a Full version of ISim.
Time resolution is 1 ps
# onerror resume
# wave add /
# run 1000 ns
Simulator is doing circuit initialization process.
Finished circuit initialization process.
                  38@00003004: *00000004 <= 0000300c
                  38@00003000: $29 <= 00000005
                  42@00003004: $29 <= 00000004
                  46@00003008: $ 1 <= 00000001
ISim P.20131013 (signature 0x7708f090)
This is a Full version of ISim.
# run 1000 ns
Simulator is doing circuit initialization process.
Finished circuit initialization process.
                  38@00003004: *00000004 <= 0000300c
                  38@00003000: $29 <= 00000005
                  42@00003004: $29 <= 00000004
                  46@00003008: $ 1 <= 00000001
ISim P.20131013 (signature 0x7708f090)
This is a Full version of ISim.
# run 1000 ns
Simulator is doing circuit initialization process.
Finished circuit initialization process.
                  38@00003004: *00000004 <= 0000300c
                  38@00003000: $29 <= 00000005
                  42@00003004: $29 <= 00000009
                  46@00003008: $ 1 <= 00000001
