ISim log file
Running: C:\Users\zhangke\Desktop\CO\p7\mips_txt_isim_beh.exe -intstyle ise -gui -tclbatch isim.cmd -wdb C:/Users/zhangke/Desktop/CO/p7/mips_txt_isim_beh.wdb 
ISim P.20131013 (signature 0x7708f090)
This is a Full version of ISim.
Time resolution is 1 ps
# onerror resume
# wave add /
# run 3000 ns
Simulator is doing circuit initialization process.
#exception@00003018
#interrupt@1
#end@
Finished circuit initialization process.
                  38@00003000: $ 2 <= 00001001
                  46@00003008: $ 2 <= 00000001
                  50@0000300c: $ 9 <= 7fff0000
                  82@00003014: $ 8 <= 7fff0000
                 102@00004180: $26 <= 00003018
                 106@00004184: $27 <= 00000000
                 110@0000418c: *00000ffc <= 00000000
                 110@00004188: $26 <= 00001000
                 118@00004190: $26 <= 00000f00
                 122@00004194: $29 <= 00000f00
                 130@000041d4: *00000f04 <= 00000000
                 134@000041d8: *00000f08 <= 00000001
                 138@000041dc: *00000f0c <= 00000000
                 142@000041e0: *00000f10 <= 00000000
                 146@000041e4: *00000f14 <= 00000000
                 150@000041e8: *00000f18 <= 00000000
                 154@000041ec: *00000f1c <= 00000000
                 158@000041f0: *00000f20 <= 7fff0000
                 162@000041f4: *00000f24 <= 7fff0000
                 166@000041f8: *00000f28 <= 00000000
                 170@000041fc: *00000f2c <= 00000000
                 174@00004200: *00000f30 <= 00000000
                 178@00004204: *00000f34 <= 00000000
                 182@00004208: *00000f38 <= 00000000
                 186@0000420c: *00000f3c <= 00000000
                 190@00004210: *00000f40 <= 00000000
                 194@00004214: *00000f44 <= 00000000
                 198@00004218: *00000f48 <= 00000000
                 202@0000421c: *00000f4c <= 00000000
                 206@00004220: *00000f50 <= 00000000
                 210@00004224: *00000f54 <= 00000000
                 214@00004228: *00000f58 <= 00000000
                 218@0000422c: *00000f5c <= 00000000
                 222@00004230: *00000f60 <= 00000000
                 226@00004234: *00000f64 <= 00000000
                 230@00004238: *00000f68 <= 00000f00
                 234@0000423c: *00000f6c <= 00000000
                 238@00004240: *00000f70 <= 00000000
                 242@00004244: *00000f74 <= 00000f00
                 246@00004248: *00000f78 <= 00000000
                 250@0000424c: *00000f7c <= 00000000
                 258@00004254: *00000f80 <= 00000000
                 258@00004250: $26 <= 00000000
                 266@0000425c: *00000f84 <= 7fff0000
                 266@00004258: $26 <= 7fff0000
                 282@000041a0: $26 <= 00000000
                 286@000041a4: $27 <= 0000007c
                 290@000041a8: $26 <= 00000000
                 306@00004268: $ 1 <= 00000000
                 310@0000426c: $ 2 <= 00000001
                 314@00004270: $ 3 <= 00000000
                 318@00004274: $ 4 <= 00000000
                 322@00004278: $ 5 <= 00000000
                 326@0000427c: $ 6 <= 00000000
                 330@00004280: $ 7 <= 00000000
                 334@00004284: $ 8 <= 7fff0000
                 338@00004288: $ 9 <= 7fff0000
                 342@0000428c: $10 <= 00000000
                 346@00004290: $11 <= 00000000
                 350@00004294: $12 <= 00000000
                 354@00004298: $13 <= 00000000
                 358@0000429c: $14 <= 00000000
                 362@000042a0: $15 <= 00000000
                 366@000042a4: $16 <= 00000000
                 370@000042a8: $17 <= 00000000
                 374@000042ac: $18 <= 00000000
                 378@000042b0: $19 <= 00000000
                 382@000042b4: $20 <= 00000000
                 386@000042b8: $21 <= 00000000
                 390@000042bc: $22 <= 00000000
                 394@000042c0: $23 <= 00000000
                 398@000042c4: $24 <= 00000000
                 402@000042c8: $25 <= 00000000
                 406@000042cc: $26 <= 00000f00
                 410@000042d0: $27 <= 00000000
                 414@000042d4: $28 <= 00000000
                 418@000042d8: $29 <= 00000f00
                 426@000042dc: $30 <= 00000000
                 430@000042e0: $31 <= 00000000
                 434@000042e4: $26 <= 00000000
                 446@000042ec: $26 <= 7fff0000
                 502@00004180: $26 <= 00003018
                 506@00004184: $27 <= 80000030
                 510@0000418c: *00000ffc <= 00000f00
                 510@00004188: $26 <= 00001000
                 518@00004190: $26 <= 00000f00
                 522@00004194: $29 <= 00000f00
                 530@000041d4: *00000f04 <= 00000000
                 534@000041d8: *00000f08 <= 00000001
                 538@000041dc: *00000f0c <= 00000000
                 542@000041e0: *00000f10 <= 00000000
                 546@000041e4: *00000f14 <= 00000000
                 550@000041e8: *00000f18 <= 00000000
                 554@000041ec: *00000f1c <= 00000000
                 558@000041f0: *00000f20 <= 7fff0000
                 562@000041f4: *00000f24 <= 7fff0000
                 566@000041f8: *00000f28 <= 00000000
                 570@000041fc: *00000f2c <= 00000000
                 574@00004200: *00000f30 <= 00000000
                 578@00004204: *00000f34 <= 00000000
                 582@00004208: *00000f38 <= 00000000
                 586@0000420c: *00000f3c <= 00000000
                 590@00004210: *00000f40 <= 00000000
                 594@00004214: *00000f44 <= 00000000
                 598@00004218: *00000f48 <= 00000000
                 602@0000421c: *00000f4c <= 00000000
                 606@00004220: *00000f50 <= 00000000
                 610@00004224: *00000f54 <= 00000000
                 614@00004228: *00000f58 <= 00000000
                 618@0000422c: *00000f5c <= 00000000
                 622@00004230: *00000f60 <= 00000000
                 626@00004234: *00000f64 <= 00000000
                 630@00004238: *00000f68 <= 00000f00
                 634@0000423c: *00000f6c <= 80000030
                 638@00004240: *00000f70 <= 00000000
                 642@00004244: *00000f74 <= 00000f00
                 646@00004248: *00000f78 <= 00000000
                 650@0000424c: *00000f7c <= 00000000
                 658@00004254: *00000f80 <= 00000000
                 658@00004250: $26 <= 00000000
                 666@0000425c: *00000f84 <= 7fff0000
                 666@00004258: $26 <= 7fff0000
                 682@000041a0: $26 <= 80000030
                 686@000041a4: $27 <= 0000007c
                 690@000041a8: $26 <= 00000030
                 706@000041b4: $26 <= 00003018
                 710@000041b8: $ 1 <= 00000000
                 714@000041bc: $ 1 <= 00000004
                 718@000041c0: $26 <= 0000301c
                 734@00004268: $ 1 <= 00000000
                 738@0000426c: $ 2 <= 00000001
                 742@00004270: $ 3 <= 00000000
                 746@00004274: $ 4 <= 00000000
                 750@00004278: $ 5 <= 00000000
                 754@0000427c: $ 6 <= 00000000
                 758@00004280: $ 7 <= 00000000
                 762@00004284: $ 8 <= 7fff0000
                 766@00004288: $ 9 <= 7fff0000
                 770@0000428c: $10 <= 00000000
                 774@00004290: $11 <= 00000000
                 778@00004294: $12 <= 00000000
                 782@00004298: $13 <= 00000000
                 786@0000429c: $14 <= 00000000
                 790@000042a0: $15 <= 00000000
                 794@000042a4: $16 <= 00000000
                 798@000042a8: $17 <= 00000000
                 802@000042ac: $18 <= 00000000
                 806@000042b0: $19 <= 00000000
                 810@000042b4: $20 <= 00000000
                 814@000042b8: $21 <= 00000000
                 818@000042bc: $22 <= 00000000
                 822@000042c0: $23 <= 00000000
                 826@000042c4: $24 <= 00000000
                 830@000042c8: $25 <= 00000000
                 834@000042cc: $26 <= 00000f00
                 838@000042d0: $27 <= 80000030
                 842@000042d4: $28 <= 00000000
                 846@000042d8: $29 <= 00000f00
                 854@000042dc: $30 <= 00000000
                 858@000042e0: $31 <= 00000000
                 862@000042e4: $26 <= 00000000
                 874@000042ec: $26 <= 7fff0000
                 926@00004180: $26 <= 0000301c
                 930@00004184: $27 <= 00000030
                 934@0000418c: *00000ffc <= 00000f00
                 934@00004188: $26 <= 00001000
                 942@00004190: $26 <= 00000f00
                 946@00004194: $29 <= 00000f00
                 954@000041d4: *00000f04 <= 00000000
                 958@000041d8: *00000f08 <= 00000001
                 962@000041dc: *00000f0c <= 00000000
                 966@000041e0: *00000f10 <= 00000000
                 970@000041e4: *00000f14 <= 00000000
                 974@000041e8: *00000f18 <= 00000000
                 978@000041ec: *00000f1c <= 00000000
                 982@000041f0: *00000f20 <= 7fff0000
                 986@000041f4: *00000f24 <= 7fff0000
                 990@000041f8: *00000f28 <= 00000000
                 994@000041fc: *00000f2c <= 00000000
                 998@00004200: *00000f30 <= 00000000
                1002@00004204: *00000f34 <= 00000000
                1006@00004208: *00000f38 <= 00000000
                1010@0000420c: *00000f3c <= 00000000
                1014@00004210: *00000f40 <= 00000000
                1018@00004214: *00000f44 <= 00000000
                1022@00004218: *00000f48 <= 00000000
                1026@0000421c: *00000f4c <= 00000000
                1030@00004220: *00000f50 <= 00000000
                1034@00004224: *00000f54 <= 00000000
                1038@00004228: *00000f58 <= 00000000
                1042@0000422c: *00000f5c <= 00000000
                1046@00004230: *00000f60 <= 00000000
                1050@00004234: *00000f64 <= 00000000
                1054@00004238: *00000f68 <= 00000f00
                1058@0000423c: *00000f6c <= 00000030
                1062@00004240: *00000f70 <= 00000000
                1066@00004244: *00000f74 <= 00000f00
                1070@00004248: *00000f78 <= 00000000
                1074@0000424c: *00000f7c <= 00000000
                1082@00004254: *00000f80 <= 00000000
                1082@00004250: $26 <= 00000000
                1090@0000425c: *00000f84 <= 7fff0000
                1090@00004258: $26 <= 7fff0000
                1106@000041a0: $26 <= 00000030
                1110@000041a4: $27 <= 0000007c
                1114@000041a8: $26 <= 00000030
                1130@000041b4: $26 <= 0000301c
                1134@000041b8: $ 1 <= 00000000
                1138@000041bc: $ 1 <= 00000004
                1142@000041c0: $26 <= 00003020
                1158@00004268: $ 1 <= 00000000
                1162@0000426c: $ 2 <= 00000001
                1166@00004270: $ 3 <= 00000000
                1170@00004274: $ 4 <= 00000000
                1174@00004278: $ 5 <= 00000000
                1178@0000427c: $ 6 <= 00000000
                1182@00004280: $ 7 <= 00000000
                1186@00004284: $ 8 <= 7fff0000
                1190@00004288: $ 9 <= 7fff0000
                1194@0000428c: $10 <= 00000000
                1198@00004290: $11 <= 00000000
                1202@00004294: $12 <= 00000000
                1206@00004298: $13 <= 00000000
                1210@0000429c: $14 <= 00000000
                1214@000042a0: $15 <= 00000000
                1218@000042a4: $16 <= 00000000
                1222@000042a8: $17 <= 00000000
                1226@000042ac: $18 <= 00000000
                1230@000042b0: $19 <= 00000000
                1234@000042b4: $20 <= 00000000
                1238@000042b8: $21 <= 00000000
                1242@000042bc: $22 <= 00000000
                1246@000042c0: $23 <= 00000000
                1250@000042c4: $24 <= 00000000
                1254@000042c8: $25 <= 00000000
                1258@000042cc: $26 <= 00000f00
                1262@000042d0: $27 <= 00000030
                1266@000042d4: $28 <= 00000000
                1270@000042d8: $29 <= 00000f00
                1278@000042dc: $30 <= 00000000
                1282@000042e0: $31 <= 00000000
                1286@000042e4: $26 <= 00000000
                1298@000042ec: $26 <= 7fff0000
                1334@00003020: $10 <= 7fff0000
ISim P.20131013 (signature 0x7708f090)
This is a Full version of ISim.
# run 3000 ns
Simulator is doing circuit initialization process.
#exception@00003018
#interrupt@1
#end@
Finished circuit initialization process.
                  38@00003000: $ 2 <= 00001001
                  46@00003008: $ 2 <= 00000001
                  50@0000300c: $ 9 <= 7fff0000
                  82@00003014: $ 8 <= 7fff0000
                 102@00004180: $26 <= 00003018
                 106@00004184: $27 <= 00000000
                 110@0000418c: *00000ffc <= 00000000
                 110@00004188: $26 <= 00001000
                 118@00004190: $26 <= 00000f00
                 122@00004194: $29 <= 00000f00
                 130@000041d4: *00000f04 <= 00000000
                 134@000041d8: *00000f08 <= 00000001
                 138@000041dc: *00000f0c <= 00000000
                 142@000041e0: *00000f10 <= 00000000
                 146@000041e4: *00000f14 <= 00000000
                 150@000041e8: *00000f18 <= 00000000
                 154@000041ec: *00000f1c <= 00000000
                 158@000041f0: *00000f20 <= 7fff0000
                 162@000041f4: *00000f24 <= 7fff0000
                 166@000041f8: *00000f28 <= 00000000
                 170@000041fc: *00000f2c <= 00000000
                 174@00004200: *00000f30 <= 00000000
                 178@00004204: *00000f34 <= 00000000
                 182@00004208: *00000f38 <= 00000000
                 186@0000420c: *00000f3c <= 00000000
                 190@00004210: *00000f40 <= 00000000
                 194@00004214: *00000f44 <= 00000000
                 198@00004218: *00000f48 <= 00000000
                 202@0000421c: *00000f4c <= 00000000
                 206@00004220: *00000f50 <= 00000000
                 210@00004224: *00000f54 <= 00000000
                 214@00004228: *00000f58 <= 00000000
                 218@0000422c: *00000f5c <= 00000000
                 222@00004230: *00000f60 <= 00000000
                 226@00004234: *00000f64 <= 00000000
                 230@00004238: *00000f68 <= 00000f00
                 234@0000423c: *00000f6c <= 00000000
                 238@00004240: *00000f70 <= 00000000
                 242@00004244: *00000f74 <= 00000f00
                 246@00004248: *00000f78 <= 00000000
                 250@0000424c: *00000f7c <= 00000000
                 258@00004254: *00000f80 <= 00000000
                 258@00004250: $26 <= 00000000
                 266@0000425c: *00000f84 <= 7fff0000
                 266@00004258: $26 <= 7fff0000
                 282@000041a0: $26 <= 00000000
                 286@000041a4: $27 <= 0000007c
                 290@000041a8: $26 <= 00000000
                 306@00004268: $ 1 <= 00000000
                 310@0000426c: $ 2 <= 00000001
                 314@00004270: $ 3 <= 00000000
                 318@00004274: $ 4 <= 00000000
                 322@00004278: $ 5 <= 00000000
                 326@0000427c: $ 6 <= 00000000
                 330@00004280: $ 7 <= 00000000
                 334@00004284: $ 8 <= 7fff0000
                 338@00004288: $ 9 <= 7fff0000
                 342@0000428c: $10 <= 00000000
                 346@00004290: $11 <= 00000000
                 350@00004294: $12 <= 00000000
                 354@00004298: $13 <= 00000000
                 358@0000429c: $14 <= 00000000
                 362@000042a0: $15 <= 00000000
                 366@000042a4: $16 <= 00000000
                 370@000042a8: $17 <= 00000000
                 374@000042ac: $18 <= 00000000
                 378@000042b0: $19 <= 00000000
                 382@000042b4: $20 <= 00000000
                 386@000042b8: $21 <= 00000000
                 390@000042bc: $22 <= 00000000
                 394@000042c0: $23 <= 00000000
                 398@000042c4: $24 <= 00000000
                 402@000042c8: $25 <= 00000000
                 406@000042cc: $26 <= 00000f00
                 410@000042d0: $27 <= 00000000
                 414@000042d4: $28 <= 00000000
                 418@000042d8: $29 <= 00000f00
                 426@000042dc: $30 <= 00000000
                 430@000042e0: $31 <= 00000000
                 434@000042e4: $26 <= 00000000
                 446@000042ec: $26 <= 7fff0000
                 502@00004180: $26 <= 00003018
                 506@00004184: $27 <= 80000030
                 510@0000418c: *00000ffc <= 00000f00
                 510@00004188: $26 <= 00001000
                 518@00004190: $26 <= 00000f00
                 522@00004194: $29 <= 00000f00
                 530@000041d4: *00000f04 <= 00000000
                 534@000041d8: *00000f08 <= 00000001
                 538@000041dc: *00000f0c <= 00000000
                 542@000041e0: *00000f10 <= 00000000
                 546@000041e4: *00000f14 <= 00000000
                 550@000041e8: *00000f18 <= 00000000
                 554@000041ec: *00000f1c <= 00000000
                 558@000041f0: *00000f20 <= 7fff0000
                 562@000041f4: *00000f24 <= 7fff0000
                 566@000041f8: *00000f28 <= 00000000
                 570@000041fc: *00000f2c <= 00000000
                 574@00004200: *00000f30 <= 00000000
                 578@00004204: *00000f34 <= 00000000
                 582@00004208: *00000f38 <= 00000000
                 586@0000420c: *00000f3c <= 00000000
                 590@00004210: *00000f40 <= 00000000
                 594@00004214: *00000f44 <= 00000000
                 598@00004218: *00000f48 <= 00000000
                 602@0000421c: *00000f4c <= 00000000
                 606@00004220: *00000f50 <= 00000000
                 610@00004224: *00000f54 <= 00000000
                 614@00004228: *00000f58 <= 00000000
                 618@0000422c: *00000f5c <= 00000000
                 622@00004230: *00000f60 <= 00000000
                 626@00004234: *00000f64 <= 00000000
                 630@00004238: *00000f68 <= 00000f00
                 634@0000423c: *00000f6c <= 80000030
                 638@00004240: *00000f70 <= 00000000
                 642@00004244: *00000f74 <= 00000f00
                 646@00004248: *00000f78 <= 00000000
                 650@0000424c: *00000f7c <= 00000000
                 658@00004254: *00000f80 <= 00000000
                 658@00004250: $26 <= 00000000
                 666@0000425c: *00000f84 <= 7fff0000
                 666@00004258: $26 <= 7fff0000
                 682@000041a0: $26 <= 80000030
                 686@000041a4: $27 <= 0000007c
                 690@000041a8: $26 <= 00000030
                 706@000041b4: $26 <= 00003018
                 710@000041b8: $ 1 <= 00000000
                 714@000041bc: $ 1 <= 00000004
                 718@000041c0: $26 <= 0000301c
                 734@00004268: $ 1 <= 00000000
                 738@0000426c: $ 2 <= 00000001
                 742@00004270: $ 3 <= 00000000
                 746@00004274: $ 4 <= 00000000
                 750@00004278: $ 5 <= 00000000
                 754@0000427c: $ 6 <= 00000000
                 758@00004280: $ 7 <= 00000000
                 762@00004284: $ 8 <= 7fff0000
                 766@00004288: $ 9 <= 7fff0000
                 770@0000428c: $10 <= 00000000
                 774@00004290: $11 <= 00000000
                 778@00004294: $12 <= 00000000
                 782@00004298: $13 <= 00000000
                 786@0000429c: $14 <= 00000000
                 790@000042a0: $15 <= 00000000
                 794@000042a4: $16 <= 00000000
                 798@000042a8: $17 <= 00000000
                 802@000042ac: $18 <= 00000000
                 806@000042b0: $19 <= 00000000
                 810@000042b4: $20 <= 00000000
                 814@000042b8: $21 <= 00000000
                 818@000042bc: $22 <= 00000000
                 822@000042c0: $23 <= 00000000
                 826@000042c4: $24 <= 00000000
                 830@000042c8: $25 <= 00000000
                 834@000042cc: $26 <= 00000f00
                 838@000042d0: $27 <= 80000030
                 842@000042d4: $28 <= 00000000
                 846@000042d8: $29 <= 00000f00
                 854@000042dc: $30 <= 00000000
                 858@000042e0: $31 <= 00000000
                 862@000042e4: $26 <= 00000000
                 874@000042ec: $26 <= 7fff0000
                 926@00004180: $26 <= 0000301c
                 930@00004184: $27 <= 00000030
                 934@0000418c: *00000ffc <= 00000f00
                 934@00004188: $26 <= 00001000
                 942@00004190: $26 <= 00000f00
                 946@00004194: $29 <= 00000f00
                 954@000041d4: *00000f04 <= 00000000
                 958@000041d8: *00000f08 <= 00000001
                 962@000041dc: *00000f0c <= 00000000
                 966@000041e0: *00000f10 <= 00000000
                 970@000041e4: *00000f14 <= 00000000
                 974@000041e8: *00000f18 <= 00000000
                 978@000041ec: *00000f1c <= 00000000
                 982@000041f0: *00000f20 <= 7fff0000
                 986@000041f4: *00000f24 <= 7fff0000
                 990@000041f8: *00000f28 <= 00000000
                 994@000041fc: *00000f2c <= 00000000
                 998@00004200: *00000f30 <= 00000000
                1002@00004204: *00000f34 <= 00000000
                1006@00004208: *00000f38 <= 00000000
                1010@0000420c: *00000f3c <= 00000000
                1014@00004210: *00000f40 <= 00000000
                1018@00004214: *00000f44 <= 00000000
                1022@00004218: *00000f48 <= 00000000
                1026@0000421c: *00000f4c <= 00000000
                1030@00004220: *00000f50 <= 00000000
                1034@00004224: *00000f54 <= 00000000
                1038@00004228: *00000f58 <= 00000000
                1042@0000422c: *00000f5c <= 00000000
                1046@00004230: *00000f60 <= 00000000
                1050@00004234: *00000f64 <= 00000000
                1054@00004238: *00000f68 <= 00000f00
                1058@0000423c: *00000f6c <= 00000030
                1062@00004240: *00000f70 <= 00000000
                1066@00004244: *00000f74 <= 00000f00
                1070@00004248: *00000f78 <= 00000000
                1074@0000424c: *00000f7c <= 00000000
                1082@00004254: *00000f80 <= 00000000
                1082@00004250: $26 <= 00000000
                1090@0000425c: *00000f84 <= 7fff0000
                1090@00004258: $26 <= 7fff0000
                1106@000041a0: $26 <= 00000030
                1110@000041a4: $27 <= 0000007c
                1114@000041a8: $26 <= 00000030
                1130@000041b4: $26 <= 0000301c
                1134@000041b8: $ 1 <= 00000000
                1138@000041bc: $ 1 <= 00000004
                1142@000041c0: $26 <= 00003020
                1158@00004268: $ 1 <= 00000000
                1162@0000426c: $ 2 <= 00000001
                1166@00004270: $ 3 <= 00000000
                1170@00004274: $ 4 <= 00000000
                1174@00004278: $ 5 <= 00000000
                1178@0000427c: $ 6 <= 00000000
                1182@00004280: $ 7 <= 00000000
                1186@00004284: $ 8 <= 7fff0000
                1190@00004288: $ 9 <= 7fff0000
                1194@0000428c: $10 <= 00000000
                1198@00004290: $11 <= 00000000
                1202@00004294: $12 <= 00000000
                1206@00004298: $13 <= 00000000
                1210@0000429c: $14 <= 00000000
                1214@000042a0: $15 <= 00000000
                1218@000042a4: $16 <= 00000000
                1222@000042a8: $17 <= 00000000
                1226@000042ac: $18 <= 00000000
                1230@000042b0: $19 <= 00000000
                1234@000042b4: $20 <= 00000000
                1238@000042b8: $21 <= 00000000
                1242@000042bc: $22 <= 00000000
                1246@000042c0: $23 <= 00000000
                1250@000042c4: $24 <= 00000000
                1254@000042c8: $25 <= 00000000
                1258@000042cc: $26 <= 00000f00
                1262@000042d0: $27 <= 00000030
                1266@000042d4: $28 <= 00000000
                1270@000042d8: $29 <= 00000f00
                1278@000042dc: $30 <= 00000000
                1282@000042e0: $31 <= 00000000
                1286@000042e4: $26 <= 00000000
                1298@000042ec: $26 <= 7fff0000
                1334@00003020: $10 <= 7fff0000
